#
# There is insufficient memory for the Java Runtime Environment to continue.
# Native memory allocation (mmap) failed to map 150994944 bytes for committing reserved memory.
# Possible reasons:
#   The system is out of physical RAM or swap space
#   The process is running with CompressedOops enabled, and the Java Heap may be blocking the growth of the native heap
# Possible solutions:
#   Reduce memory load on the system
#   Increase physical memory or swap space
#   Check if swap backing store is full
#   Decrease Java heap size (-Xmx/-Xms)
#   Decrease number of Java threads
#   Decrease Java thread stack sizes (-Xss)
#   Set larger code cache with -XX:ReservedCodeCacheSize=
#   JVM is running with Unscaled Compressed Oops mode in which the Java heap is
#     placed in the first 4GB address space. The Java Heap base address is the
#     maximum limit for the native heap growth. Please use -XX:HeapBaseMinAddress
#     to set the Java Heap base and to place the Java Heap above 4GB virtual address.
# This output file may be truncated or incomplete.
#
#  Out of Memory Error (os_linux.cpp:2753), pid=27484, tid=0x00007f022cfff700
#
# JRE version: OpenJDK Runtime Environment (8.0_202) (build 1.8.0_202-release-1483-b49-5587405)
# Java VM: OpenJDK 64-Bit Server VM (25.202-b49-5587405 mixed mode linux-amd64 compressed oops)
# Failed to write core dump. Core dumps have been disabled. To enable core dumping, try "ulimit -c unlimited" before starting Java again
#

---------------  T H R E A D  ---------------

Current thread (0x00007f0244079800):  VMThread [stack: 0x00007f022cf00000,0x00007f022d000000] [id=27500]

Stack: [0x00007f022cf00000,0x00007f022d000000],  sp=0x00007f022cffe510,  free space=1017k
Native frames: (J=compiled Java code, j=interpreted, Vv=VM code, C=native code)
V  [libjvm.so+0xa08b78]  VMError::report_and_die()+0x148
V  [libjvm.so+0x4d412a]  report_vm_out_of_memory(char const*, int, unsigned long, VMErrorType, char const*)+0x8a
V  [libjvm.so+0x870478]  os::pd_commit_memory(char*, unsigned long, unsigned long, bool)+0xd8
V  [libjvm.so+0x867f9f]  os::commit_memory(char*, unsigned long, unsigned long, bool)+0x1f
V  [libjvm.so+0x8e14eb]  PSVirtualSpace::expand_by(unsigned long)+0x5b
V  [libjvm.so+0x8e2140]  PSYoungGen::resize_generation(unsigned long, unsigned long)+0xb0
V  [libjvm.so+0x8e245b]  PSYoungGen::resize(unsigned long, unsigned long)+0x1b
V  [libjvm.so+0x8deb8e]  PSScavenge::invoke_no_policy()+0xdce
V  [libjvm.so+0x8df348]  PSScavenge::invoke()+0x38
V  [libjvm.so+0x893763]  ParallelScavengeHeap::failed_mem_allocate(unsigned long)+0x63
V  [libjvm.so+0xa0a644]  VM_ParallelGCFailedAllocation::doit()+0x84
V  [libjvm.so+0xa0ea17]  VM_Operation::evaluate()+0x47
V  [libjvm.so+0xa0d498]  VMThread::evaluate_operation(VM_Operation*)+0x218
V  [libjvm.so+0xa0d8d1]  VMThread::loop()+0x1f1
V  [libjvm.so+0xa0dd02]  VMThread::run()+0x72
V  [libjvm.so+0x86d652]  java_start(Thread*)+0xf2

VM_Operation (0x00007f01f76a54a0): ParallelGCFailedAllocation, mode: safepoint, requested by thread 0x00007f01e0008000


---------------  P R O C E S S  ---------------

Java Threads: ( => current thread )
  0x00007f01dca4a800 JavaThread "Cache worker for execution history cache (/home/wecode/.gradle/caches/5.4.1/executionHistory)" [_thread_blocked, id=28567, stack(0x00007f01f73ae000,0x00007f01f74af000)]
  0x00007f01dc78e000 JavaThread "Cache worker for cache directory md-rule (/home/wecode/.gradle/caches/5.4.1/md-rule)" [_thread_blocked, id=28562, stack(0x00007f01f5603000,0x00007f01f5704000)]
  0x00007f01dc671800 JavaThread "Cache worker for cache directory md-supplier (/home/wecode/.gradle/caches/5.4.1/md-supplier)" [_thread_blocked, id=28560, stack(0x00007f01f5704000,0x00007f01f5805000)]
  0x00007f01dc1f4800 JavaThread "Cache worker for file hash cache (/home/wecode/AndroidStudioProjects/TezaBid/.gradle/5.4.1/fileHashes)" [_thread_blocked, id=28099, stack(0x00007f01f6ca9000,0x00007f01f6daa000)]
  0x00007f01dc12c000 JavaThread "Cache worker for journal cache (/home/wecode/.gradle/caches/journal-1)" [_thread_blocked, id=28057, stack(0x00007f01f6daa000,0x00007f01f6eab000)]
  0x00007f01dc129800 JavaThread "File lock request listener" [_thread_in_native, id=28054, stack(0x00007f01f6eab000,0x00007f01f6fac000)]
  0x00007f01dc121800 JavaThread "Cache worker for file hash cache (/home/wecode/.gradle/caches/5.4.1/fileHashes)" [_thread_blocked, id=28052, stack(0x00007f01f6fac000,0x00007f01f70ad000)]
  0x00007f01dc010800 JavaThread "Thread-9" [_thread_blocked, id=28023, stack(0x00007f01f70ad000,0x00007f01f71ae000)]
  0x00007f01dc005800 JavaThread "Asynchronous log dispatcher for DefaultDaemonConnection: socket connection from /127.0.0.1:43143 to /127.0.0.1:44608" [_thread_blocked, id=28021, stack(0x00007f01f74af000,0x00007f01f75b0000)]
  0x00007f01e0008000 JavaThread "Daemon worker" [_thread_blocked, id=28010, stack(0x00007f01f75b0000,0x00007f01f76b1000)]
  0x00007f01e0006000 JavaThread "Cancel handler" [_thread_blocked, id=28009, stack(0x00007f01f76b1000,0x00007f01f77b2000)]
  0x00007f01e0004000 JavaThread "Handler for socket connection from /127.0.0.1:43143 to /127.0.0.1:44608" [_thread_in_native, id=27935, stack(0x00007f01f77b2000,0x00007f01f78b3000)]
  0x00007f01e8033800 JavaThread "Daemon" [_thread_blocked, id=27933, stack(0x00007f01f78b3000,0x00007f01f79b4000)]
  0x00007f02443aa000 JavaThread "Daemon periodic checks" [_thread_blocked, id=27928, stack(0x00007f01f79b4000,0x00007f01f7ab5000)]
  0x00007f0244218000 JavaThread "Incoming local TCP Connector on port 43143" [_thread_in_native, id=27923, stack(0x00007f01f7abc000,0x00007f01f7bbd000)]
  0x00007f024504b800 JavaThread "Daemon health stats" [_thread_blocked, id=27861, stack(0x00007f01f7dc1000,0x00007f01f7ec2000)]
  0x00007f02440dc800 JavaThread "Service Thread" daemon [_thread_blocked, id=27513, stack(0x00007f0227dfe000,0x00007f0227eff000)]
  0x00007f02440bf800 JavaThread "C1 CompilerThread2" daemon [_thread_blocked, id=27512, stack(0x00007f0227f00000,0x00007f0228000000)]
  0x00007f02440be000 JavaThread "C2 CompilerThread1" daemon [_thread_blocked, id=27511, stack(0x00007f022c02b000,0x00007f022c12b000)]
  0x00007f02440bb000 JavaThread "C2 CompilerThread0" daemon [_thread_blocked, id=27510, stack(0x00007f022c12c000,0x00007f022c22c000)]
  0x00007f02440b7000 JavaThread "Signal Dispatcher" daemon [_thread_blocked, id=27507, stack(0x00007f022c22c000,0x00007f022c32d000)]
  0x00007f0244085800 JavaThread "Finalizer" daemon [_thread_blocked, id=27502, stack(0x00007f022ccfd000,0x00007f022cdfe000)]
  0x00007f0244083000 JavaThread "Reference Handler" daemon [_thread_blocked, id=27501, stack(0x00007f022cdfe000,0x00007f022ceff000)]
  0x00007f024400b800 JavaThread "main" [_thread_blocked, id=27489, stack(0x00007f024bf5b000,0x00007f024c05b000)]

Other Threads:
=>0x00007f0244079800 VMThread [stack: 0x00007f022cf00000,0x00007f022d000000] [id=27500]
  0x00007f02440df000 WatcherThread [stack: 0x00007f0227cfe000,0x00007f0227dfe000] [id=27514]

VM state:at safepoint (normal execution)

VM Mutex/Monitor currently owned by a thread:  ([mutex/lock_event])
[0x00007f0244008300] Threads_lock - owner thread: 0x00007f0244079800
[0x00007f0244008800] Heap_lock - owner thread: 0x00007f01e0008000

heap address: 0x00000000a0000000, size: 1536 MB, Compressed Oops mode: 32-bit
Narrow klass base: 0x0000000000000000, Narrow klass shift: 3
Compressed class space size: 1073741824 Address: 0x0000000100000000

Heap:
 PSYoungGen      total 132096K, used 5120K [0x00000000e0000000, 0x00000000e8600000, 0x0000000100000000)
  eden space 126976K, 0% used [0x00000000e0000000,0x00000000e0000000,0x00000000e7c00000)
  from space 5120K, 100% used [0x00000000e7c00000,0x00000000e8100000,0x00000000e8100000)
  to   space 5120K, 0% used [0x00000000e8100000,0x00000000e8100000,0x00000000e8600000)
 ParOldGen       total 51200K, used 18411K [0x00000000a0000000, 0x00000000a3200000, 0x00000000e0000000)
  object space 51200K, 35% used [0x00000000a0000000,0x00000000a11fafa0,0x00000000a3200000)
 Metaspace       used 31830K, capacity 32372K, committed 32512K, reserved 1077248K
  class space    used 4401K, capacity 4587K, committed 4608K, reserved 1048576K

Card table byte_map: [0x00007f024946c000,0x00007f024976d000] byte_map_base: 0x00007f0248f6c000

Marking Bits: (ParMarkBitMap*) 0x00007f024b620920
 Begin Bits: [0x00007f022d000000, 0x00007f022e800000)
 End Bits:   [0x00007f022e800000, 0x00007f0230000000)

Polling page: 0x00007f024c078000

CodeCache: size=245760Kb used=8341Kb max_used=8365Kb free=237418Kb
 bounds [0x00007f0235000000, 0x00007f0235840000, 0x00007f0244000000]
 total_blobs=2864 nmethods=2193 adapters=585
 compilation: enabled

Compilation events (10 events):
Event: 1517,609 Thread 0x00007f02440bb000 2420   !   4       org.gradle.launcher.daemon.server.exec.DaemonConnectionBackedEventConsumer$ForwardEvents::getNextEvent (27 bytes)
Event: 1517,612 Thread 0x00007f02440bb000 nmethod 2420 0x00007f02351da290 code [0x00007f02351da400, 0x00007f02351da508]
Event: 1518,487 Thread 0x00007f02440be000 2421       4       com.google.common.collect.AbstractIndexedListIterator::hasNext (17 bytes)
Event: 1518,487 Thread 0x00007f02440be000 nmethod 2421 0x00007f02353841d0 code [0x00007f0235384320, 0x00007f0235384398]
Event: 1518,490 Thread 0x00007f02440bf800 2422       3       org.objectweb.asm.FieldWriter::computeFieldInfoSize (201 bytes)
Event: 1518,492 Thread 0x00007f02440bf800 nmethod 2422 0x00007f0235188a90 code [0x00007f0235188ca0, 0x00007f0235189848]
Event: 1518,492 Thread 0x00007f02440bf800 2423       3       org.objectweb.asm.FieldWriter::putFieldInfo (418 bytes)
Event: 1518,493 Thread 0x00007f02440bf800 nmethod 2423 0x00007f0235305410 code [0x00007f0235305780, 0x00007f0235306e38]
Event: 1519,036 Thread 0x00007f02440bb000 2424  s    4       java.util.Vector::addElement (38 bytes)
Event: 1519,444 Thread 0x00007f02440bb000 nmethod 2424 0x00007f02354a7990 code [0x00007f02354a7b00, 0x00007f02354a7ec8]

GC Heap History (10 events):
Event: 24,345 GC heap after
Heap after GC invocations=1 (full 0):
 PSYoungGen      total 36864K, used 4020K [0x00000000e0000000, 0x00000000e4800000, 0x0000000100000000)
  eden space 31744K, 0% used [0x00000000e0000000,0x00000000e0000000,0x00000000e1f00000)
  from space 5120K, 78% used [0x00000000e1f00000,0x00000000e22ed3a8,0x00000000e2400000)
  to   space 5120K, 0% used [0x00000000e4300000,0x00000000e4300000,0x00000000e4800000)
 ParOldGen       total 84992K, used 0K [0x00000000a0000000, 0x00000000a5300000, 0x00000000e0000000)
  object space 84992K, 0% used [0x00000000a0000000,0x00000000a0000000,0x00000000a5300000)
 Metaspace       used 6548K, capacity 6736K, committed 7040K, reserved 1056768K
  class space    used 802K, capacity 844K, committed 896K, reserved 1048576K
}
Event: 1414,795 GC heap before
{Heap before GC invocations=2 (full 0):
 PSYoungGen      total 36864K, used 35764K [0x00000000e0000000, 0x00000000e4800000, 0x0000000100000000)
  eden space 31744K, 100% used [0x00000000e0000000,0x00000000e1f00000,0x00000000e1f00000)
  from space 5120K, 78% used [0x00000000e1f00000,0x00000000e22ed3a8,0x00000000e2400000)
  to   space 5120K, 0% used [0x00000000e4300000,0x00000000e4300000,0x00000000e4800000)
 ParOldGen       total 84992K, used 0K [0x00000000a0000000, 0x00000000a5300000, 0x00000000e0000000)
  object space 84992K, 0% used [0x00000000a0000000,0x00000000a0000000,0x00000000a5300000)
 Metaspace       used 9151K, capacity 9470K, committed 9600K, reserved 1056768K
  class space    used 1216K, capacity 1325K, committed 1408K, reserved 1048576K
Event: 1414,923 GC heap after
Heap after GC invocations=2 (full 0):
 PSYoungGen      total 68608K, used 4705K [0x00000000e0000000, 0x00000000e4800000, 0x0000000100000000)
  eden space 63488K, 0% used [0x00000000e0000000,0x00000000e0000000,0x00000000e3e00000)
  from space 5120K, 91% used [0x00000000e4300000,0x00000000e47985c0,0x00000000e4800000)
  to   space 5120K, 0% used [0x00000000e3e00000,0x00000000e3e00000,0x00000000e4300000)
 ParOldGen       total 84992K, used 16K [0x00000000a0000000, 0x00000000a5300000, 0x00000000e0000000)
  object space 84992K, 0% used [0x00000000a0000000,0x00000000a0004000,0x00000000a5300000)
 Metaspace       used 9151K, capacity 9470K, committed 9600K, reserved 1056768K
  class space    used 1216K, capacity 1325K, committed 1408K, reserved 1048576K
}
Event: 1458,498 GC heap before
{Heap before GC invocations=3 (full 0):
 PSYoungGen      total 68608K, used 68193K [0x00000000e0000000, 0x00000000e4800000, 0x0000000100000000)
  eden space 63488K, 100% used [0x00000000e0000000,0x00000000e3e00000,0x00000000e3e00000)
  from space 5120K, 91% used [0x00000000e4300000,0x00000000e47985c0,0x00000000e4800000)
  to   space 5120K, 0% used [0x00000000e3e00000,0x00000000e3e00000,0x00000000e4300000)
 ParOldGen       total 84992K, used 16K [0x00000000a0000000, 0x00000000a5300000, 0x00000000e0000000)
  object space 84992K, 0% used [0x00000000a0000000,0x00000000a0004000,0x00000000a5300000)
 Metaspace       used 15507K, capacity 15950K, committed 16256K, reserved 1062912K
  class space    used 2220K, capacity 2359K, committed 2432K, reserved 1048576K
Event: 1458,948 GC heap after
Heap after GC invocations=3 (full 0):
 PSYoungGen      total 68608K, used 5088K [0x00000000e0000000, 0x00000000e8600000, 0x0000000100000000)
  eden space 63488K, 0% used [0x00000000e0000000,0x00000000e0000000,0x00000000e3e00000)
  from space 5120K, 99% used [0x00000000e3e00000,0x00000000e42f8010,0x00000000e4300000)
  to   space 5120K, 0% used [0x00000000e8100000,0x00000000e8100000,0x00000000e8600000)
 ParOldGen       total 84992K, used 5086K [0x00000000a0000000, 0x00000000a5300000, 0x00000000e0000000)
  object space 84992K, 5% used [0x00000000a0000000,0x00000000a04f7aa8,0x00000000a5300000)
 Metaspace       used 15507K, capacity 15950K, committed 16256K, reserved 1062912K
  class space    used 2220K, capacity 2359K, committed 2432K, reserved 1048576K
}
Event: 1471,872 GC heap before
{Heap before GC invocations=4 (full 0):
 PSYoungGen      total 68608K, used 55370K [0x00000000e0000000, 0x00000000e8600000, 0x0000000100000000)
  eden space 63488K, 79% used [0x00000000e0000000,0x00000000e311a840,0x00000000e3e00000)
  from space 5120K, 99% used [0x00000000e3e00000,0x00000000e42f8010,0x00000000e4300000)
  to   space 5120K, 0% used [0x00000000e8100000,0x00000000e8100000,0x00000000e8600000)
 ParOldGen       total 84992K, used 5086K [0x00000000a0000000, 0x00000000a5300000, 0x00000000e0000000)
  object space 84992K, 5% used [0x00000000a0000000,0x00000000a04f7aa8,0x00000000a5300000)
 Metaspace       used 20693K, capacity 21148K, committed 21296K, reserved 1067008K
  class space    used 2953K, capacity 3118K, committed 3200K, reserved 1048576K
Event: 1471,896 GC heap after
Heap after GC invocations=4 (full 0):
 PSYoungGen      total 132096K, used 5108K [0x00000000e0000000, 0x00000000e8600000, 0x0000000100000000)
  eden space 126976K, 0% used [0x00000000e0000000,0x00000000e0000000,0x00000000e7c00000)
  from space 5120K, 99% used [0x00000000e8100000,0x00000000e85fd050,0x00000000e8600000)
  to   space 5120K, 0% used [0x00000000e7c00000,0x00000000e7c00000,0x00000000e8100000)
 ParOldGen       total 84992K, used 10968K [0x00000000a0000000, 0x00000000a5300000, 0x00000000e0000000)
  object space 84992K, 12% used [0x00000000a0000000,0x00000000a0ab60d0,0x00000000a5300000)
 Metaspace       used 20693K, capacity 21148K, committed 21296K, reserved 1067008K
  class space    used 2953K, capacity 3118K, committed 3200K, reserved 1048576K
}
Event: 1471,897 GC heap before
{Heap before GC invocations=5 (full 1):
 PSYoungGen      total 132096K, used 5108K [0x00000000e0000000, 0x00000000e8600000, 0x0000000100000000)
  eden space 126976K, 0% used [0x00000000e0000000,0x00000000e0000000,0x00000000e7c00000)
  from space 5120K, 99% used [0x00000000e8100000,0x00000000e85fd050,0x00000000e8600000)
  to   space 5120K, 0% used [0x00000000e7c00000,0x00000000e7c00000,0x00000000e8100000)
 ParOldGen       total 84992K, used 10968K [0x00000000a0000000, 0x00000000a5300000, 0x00000000e0000000)
  object space 84992K, 12% used [0x00000000a0000000,0x00000000a0ab60d0,0x00000000a5300000)
 Metaspace       used 20693K, capacity 21148K, committed 21296K, reserved 1067008K
  class space    used 2953K, capacity 3118K, committed 3200K, reserved 1048576K
Event: 1474,044 GC heap after
Heap after GC invocations=5 (full 1):
 PSYoungGen      total 132096K, used 0K [0x00000000e0000000, 0x00000000e8600000, 0x0000000100000000)
  eden space 126976K, 0% used [0x00000000e0000000,0x00000000e0000000,0x00000000e7c00000)
  from space 5120K, 0% used [0x00000000e8100000,0x00000000e8100000,0x00000000e8600000)
  to   space 5120K, 0% used [0x00000000e7c00000,0x00000000e7c00000,0x00000000e8100000)
 ParOldGen       total 51200K, used 10905K [0x00000000a0000000, 0x00000000a3200000, 0x00000000e0000000)
  object space 51200K, 21% used [0x00000000a0000000,0x00000000a0aa6450,0x00000000a3200000)
 Metaspace       used 20693K, capacity 21148K, committed 21296K, reserved 1067008K
  class space    used 2953K, capacity 3118K, committed 3200K, reserved 1048576K
}
Event: 1520,187 GC heap before
{Heap before GC invocations=6 (full 1):
 PSYoungGen      total 132096K, used 126976K [0x00000000e0000000, 0x00000000e8600000, 0x0000000100000000)
  eden space 126976K, 100% used [0x00000000e0000000,0x00000000e7c00000,0x00000000e7c00000)
  from space 5120K, 0% used [0x00000000e8100000,0x00000000e8100000,0x00000000e8600000)
  to   space 5120K, 0% used [0x00000000e7c00000,0x00000000e7c00000,0x00000000e8100000)
 ParOldGen       total 51200K, used 10905K [0x00000000a0000000, 0x00000000a3200000, 0x00000000e0000000)
  object space 51200K, 21% used [0x00000000a0000000,0x00000000a0aa6450,0x00000000a3200000)
 Metaspace       used 31830K, capacity 32372K, committed 32512K, reserved 1077248K
  class space    used 4401K, capacity 4587K, committed 4608K, reserved 1048576K

Deoptimization events (10 events):
Event: 1486,094 Thread 0x00007f01e0008000 Uncommon trap: reason=unstable_if action=reinterpret pc=0x00007f02352d1370 method=java.util.HashMap.hash(Ljava/lang/Object;)I @ 1
Event: 1486,094 Thread 0x00007f01e0008000 Uncommon trap: reason=unstable_if action=reinterpret pc=0x00007f023539bcdc method=java.util.HashMap.putVal(ILjava/lang/Object;Ljava/lang/Object;ZZ)Ljava/lang/Object; @ 85
Event: 1487,138 Thread 0x00007f01e0008000 Uncommon trap: reason=unstable_if action=reinterpret pc=0x00007f02352b0834 method=java.util.LinkedHashMap.afterNodeInsertion(Z)V @ 1
Event: 1491,590 Thread 0x00007f01e0008000 Uncommon trap: reason=unstable_if action=reinterpret pc=0x00007f02357368f4 method=java.util.WeakHashMap.put(Ljava/lang/Object;Ljava/lang/Object;)Ljava/lang/Object; @ 72
Event: 1492,089 Thread 0x00007f01e0008000 Uncommon trap: reason=class_check action=maybe_recompile pc=0x00007f02354fb348 method=sun.misc.URLClassPath.getLoader(I)Lsun/misc/URLClassPath$Loader; @ 94
Event: 1493,266 Thread 0x00007f01e0008000 Uncommon trap: reason=unstable_if action=reinterpret pc=0x00007f023528aefc method=java.io.UnixFileSystem.resolve(Ljava/lang/String;Ljava/lang/String;)Ljava/lang/String; @ 18
Event: 1495,096 Thread 0x00007f01e0008000 Uncommon trap: reason=unstable_if action=reinterpret pc=0x00007f0235420d9c method=org.codehaus.groovy.runtime.metaclass.MetaMethodIndex.addMethodToList(Ljava/lang/Object;Lgroovy/lang/MetaMethod;)Ljava/lang/Object; @ 226
Event: 1506,219 Thread 0x00007f01e0008000 Uncommon trap: reason=range_check action=make_not_entrant pc=0x00007f0235819e70 method=java.lang.String.charAt(I)C @ 27
Event: 1514,989 Thread 0x00007f01e0008000 Uncommon trap: reason=unstable_if action=reinterpret pc=0x00007f023523ff7c method=java.net.URI.match(CJJ)Z @ 45
Event: 1514,989 Thread 0x00007f01e0008000 Uncommon trap: reason=unstable_if action=reinterpret pc=0x00007f023517fcac method=java.net.URI.match(CJJ)Z @ 19

Classes redefined (0 events):
No events

Internal exceptions (10 events):
Event: 1495,156 Thread 0x00007f01e0008000 Exception <a 'java/lang/ClassNotFoundException': org/gradle/api/internal/DefaultDomainObjectCollectionCustomizer> (0x00000000e510dd88) thrown at [/usr/local/google/buildbot/src/googleplex-android/openjdk/out/hotspot/src/share/vm/classfile/systemDictionary
Event: 1495,158 Thread 0x00007f01e0008000 Exception <a 'java/lang/ClassNotFoundException': org/gradle/api/internal/DefaultNamedDomainObjectCollectionCustomizer> (0x00000000e5166a10) thrown at [/usr/local/google/buildbot/src/googleplex-android/openjdk/out/hotspot/src/share/vm/classfile/systemDicti
Event: 1495,160 Thread 0x00007f01e0008000 Exception <a 'java/lang/ClassNotFoundException': org/gradle/api/internal/DefaultNamedDomainObjectListCustomizer> (0x00000000e51d5208) thrown at [/usr/local/google/buildbot/src/googleplex-android/openjdk/out/hotspot/src/share/vm/classfile/systemDictionary.
Event: 1495,161 Thread 0x00007f01e0008000 Exception <a 'java/lang/ClassNotFoundException': org/gradle/api/internal/artifacts/DefaultArtifactRepositoryContainerCustomizer> (0x00000000e5241ae8) thrown at [/usr/local/google/buildbot/src/googleplex-android/openjdk/out/hotspot/src/share/vm/classfile/s
Event: 1495,162 Thread 0x00007f01e0008000 Exception <a 'java/lang/ClassNotFoundException': org/gradle/api/internal/artifacts/dsl/DefaultRepositoryHandlerCustomizer> (0x00000000e529f158) thrown at [/usr/local/google/buildbot/src/googleplex-android/openjdk/out/hotspot/src/share/vm/classfile/systemD
Event: 1495,163 Thread 0x00007f01e0008000 Exception <a 'java/lang/ClassNotFoundException': org/gradle/api/internal/artifacts/dsl/DefaultRepositoryHandler_DecoratedCustomizer> (0x00000000e5312480) thrown at [/usr/local/google/buildbot/src/googleplex-android/openjdk/out/hotspot/src/share/vm/classfi
Event: 1509,533 Thread 0x00007f01e0008000 Exception <a 'java/lang/ClassNotFoundException': org/gradle/api/internal/artifacts/dsl/dependencies/DefaultDependencyHandler_DecoratedBeanInfo> (0x00000000e730a8c0) thrown at [/usr/local/google/buildbot/src/googleplex-android/openjdk/out/hotspot/src/share
Event: 1509,535 Thread 0x00007f01e0008000 Exception <a 'java/lang/ClassNotFoundException': org/gradle/api/internal/artifacts/dsl/dependencies/DefaultDependencyHandlerBeanInfo> (0x00000000e7359f18) thrown at [/usr/local/google/buildbot/src/googleplex-android/openjdk/out/hotspot/src/share/vm/classf
Event: 1509,537 Thread 0x00007f01e0008000 Exception <a 'java/lang/ClassNotFoundException': org/gradle/api/internal/artifacts/dsl/dependencies/DefaultDependencyHandlerCustomizer> (0x00000000e73aa3a8) thrown at [/usr/local/google/buildbot/src/googleplex-android/openjdk/out/hotspot/src/share/vm/clas
Event: 1509,740 Thread 0x00007f01e0008000 Exception <a 'java/lang/ClassNotFoundException': org/gradle/api/internal/artifacts/dsl/dependencies/DefaultDependencyHandler_DecoratedCustomizer> (0x00000000e742e250) thrown at [/usr/local/google/buildbot/src/googleplex-android/openjdk/out/hotspot/src/sha

Events (10 events):
Event: 1519,445 loading class org/gradle/api/internal/artifacts/ivyservice/ivyresolve/RepositoryChainComponentMetaDataResolver done
Event: 1519,457 loading class org/gradle/internal/resolve/result/ResourceAwareResolveResult
Event: 1519,457 loading class org/gradle/internal/resolve/result/ResourceAwareResolveResult done
Event: 1519,523 loading class org/gradle/api/internal/artifacts/ivyservice/ivyresolve/RepositoryChainArtifactResolver
Event: 1519,523 loading class org/gradle/api/internal/artifacts/ivyservice/ivyresolve/RepositoryChainArtifactResolver done
Event: 1519,524 loading class org/gradle/internal/resolve/result/BuildableComponentArtifactsResolveResult
Event: 1519,524 loading class org/gradle/internal/resolve/result/BuildableComponentArtifactsResolveResult done
Event: 1519,546 loading class org/gradle/internal/resolve/result/ResolveResult
Event: 1519,546 loading class org/gradle/internal/resolve/result/ResolveResult done
Event: 1519,730 Executing VM operation: ParallelGCFailedAllocation


Dynamic libraries:
00400000-00401000 r-xp 00000000 08:05 4203139                            /home/wecode/android-studio-ide-191.5791312-linux/android-studio/jre/bin/java
00401000-00402000 rw-p 00000000 08:05 4203139                            /home/wecode/android-studio-ide-191.5791312-linux/android-studio/jre/bin/java
00a27000-00a48000 rw-p 00000000 00:00 0                                  [heap]
a0000000-a3200000 rw-p 00000000 00:00 0 
a3200000-e0000000 ---p 00000000 00:00 0 
e0000000-e8600000 rw-p 00000000 00:00 0 
f1600000-100000000 ---p 00000000 00:00 0 
100000000-100480000 rw-p 00000000 00:00 0 
100480000-140000000 ---p 00000000 00:00 0 
7f01b0000000-7f01b0021000 rw-p 00000000 00:00 0 
7f01b0021000-7f01b4000000 ---p 00000000 00:00 0 
7f01b8000000-7f01b8021000 rw-p 00000000 00:00 0 
7f01b8021000-7f01bc000000 ---p 00000000 00:00 0 
7f01bc000000-7f01bc021000 rw-p 00000000 00:00 0 
7f01bc021000-7f01c0000000 ---p 00000000 00:00 0 
7f01c0000000-7f01c0021000 rw-p 00000000 00:00 0 
7f01c0021000-7f01c4000000 ---p 00000000 00:00 0 
7f01c4000000-7f01c4021000 rw-p 00000000 00:00 0 
7f01c4021000-7f01c8000000 ---p 00000000 00:00 0 
7f01c8000000-7f01c8021000 rw-p 00000000 00:00 0 
7f01c8021000-7f01cc000000 ---p 00000000 00:00 0 
7f01cc000000-7f01cc021000 rw-p 00000000 00:00 0 
7f01cc021000-7f01d0000000 ---p 00000000 00:00 0 
7f01d0000000-7f01d03ef000 rw-p 00000000 00:00 0 
7f01d03ef000-7f01d4000000 ---p 00000000 00:00 0 
7f01d4000000-7f01d4021000 rw-p 00000000 00:00 0 
7f01d4021000-7f01d8000000 ---p 00000000 00:00 0 
7f01d8000000-7f01d8021000 rw-p 00000000 00:00 0 
7f01d8021000-7f01dc000000 ---p 00000000 00:00 0 
7f01dc000000-7f01dca72000 rw-p 00000000 00:00 0 
7f01dca72000-7f01e0000000 ---p 00000000 00:00 0 
7f01e0000000-7f01e0021000 rw-p 00000000 00:00 0 
7f01e0021000-7f01e4000000 ---p 00000000 00:00 0 
7f01e4000000-7f01e4075000 rw-p 00000000 00:00 0 
7f01e4075000-7f01e8000000 ---p 00000000 00:00 0 
7f01e8000000-7f01e8070000 rw-p 00000000 00:00 0 
7f01e8070000-7f01ec000000 ---p 00000000 00:00 0 
7f01ec000000-7f01ec021000 rw-p 00000000 00:00 0 
7f01ec021000-7f01f0000000 ---p 00000000 00:00 0 
7f01f0000000-7f01f0021000 rw-p 00000000 00:00 0 
7f01f0021000-7f01f4000000 ---p 00000000 00:00 0 
7f01f5403000-7f01f5543000 rw-p 00000000 00:00 0 
7f01f5543000-7f01f5603000 ---p 00000000 00:00 0 
7f01f5603000-7f01f5606000 ---p 00000000 00:00 0 
7f01f5606000-7f01f5704000 rw-p 00000000 00:00 0 
7f01f5704000-7f01f5707000 ---p 00000000 00:00 0 
7f01f5707000-7f01f5a05000 rw-p 00000000 00:00 0 
7f01f5a05000-7f01f5c05000 rw-p 00000000 00:00 0 
7f01f5c05000-7f01f5e05000 rw-p 00000000 00:00 0 
7f01f5e05000-7f01f6005000 rw-p 00000000 00:00 0 
7f01f6005000-7f01f6205000 rw-p 00000000 00:00 0 
7f01f6205000-7f01f6477000 r--s 01914000 08:05 3285612                    /home/wecode/.gradle/caches/jars-3/0a28c8704832800a117c175dfe23a0f3/gradle-api-impldep-4.10.3.jar
7f01f6477000-7f01f6677000 rw-p 00000000 00:00 0 
7f01f66b2000-7f01f66e4000 r--s 0026a000 08:05 3285618                    /home/wecode/.gradle/caches/jars-3/1292525a786f20744e75964100cf9267/guava-25.1-jre.jar
7f01f66e4000-7f01f670c000 r--s 0210b000 08:05 3285622                    /home/wecode/.gradle/caches/jars-3/e38dc040d6e4fd07c2aa18e83056c448/sdk-tools.jar
7f01f670c000-7f01f68d4000 r--s 032f3000 08:05 3285614                    /home/wecode/.gradle/caches/jars-3/6270d63c8613739c5e2a72c4b9203a6c/android.jar
7f01f68d4000-7f01f6a2f000 r--s 00bb0000 08:05 3285610                    /home/wecode/.gradle/caches/jars-3/8c0c682498be444601f9083c4f1918be/gradle-api-4.10.3.jar
7f01f6a2f000-7f01f6aa9000 r--s 01102000 08:05 4203097                    /home/wecode/android-studio-ide-191.5791312-linux/android-studio/jre/lib/tools.jar
7f01f6aa9000-7f01f6ca9000 rw-p 00000000 00:00 0 
7f01f6ca9000-7f01f6cac000 ---p 00000000 00:00 0 
7f01f6cac000-7f01f6daa000 rw-p 00000000 00:00 0 
7f01f6daa000-7f01f6dad000 ---p 00000000 00:00 0 
7f01f6dad000-7f01f6eab000 rw-p 00000000 00:00 0 
7f01f6eab000-7f01f6eae000 ---p 00000000 00:00 0 
7f01f6eae000-7f01f6fac000 rw-p 00000000 00:00 0 
7f01f6fac000-7f01f6faf000 ---p 00000000 00:00 0 
7f01f6faf000-7f01f70ad000 rw-p 00000000 00:00 0 
7f01f70ad000-7f01f70b0000 ---p 00000000 00:00 0 
7f01f70b0000-7f01f73ae000 rw-p 00000000 00:00 0 
7f01f73ae000-7f01f73b1000 ---p 00000000 00:00 0 
7f01f73b1000-7f01f74af000 rw-p 00000000 00:00 0 
7f01f74af000-7f01f74b2000 ---p 00000000 00:00 0 
7f01f74b2000-7f01f75b0000 rw-p 00000000 00:00 0 
7f01f75b0000-7f01f75b3000 ---p 00000000 00:00 0 
7f01f75b3000-7f01f76b1000 rw-p 00000000 00:00 0 
7f01f76b1000-7f01f76b4000 ---p 00000000 00:00 0 
7f01f76b4000-7f01f77b2000 rw-p 00000000 00:00 0 
7f01f77b2000-7f01f77b5000 ---p 00000000 00:00 0 
7f01f77b5000-7f01f78b3000 rw-p 00000000 00:00 0 
7f01f78b3000-7f01f78b6000 ---p 00000000 00:00 0 
7f01f78b6000-7f01f79b4000 rw-p 00000000 00:00 0 
7f01f79b4000-7f01f79b7000 ---p 00000000 00:00 0 
7f01f79b7000-7f01f7ab5000 rw-p 00000000 00:00 0 
7f01f7ab5000-7f01f7abc000 r--s 00000000 08:05 1313216                    /usr/lib/x86_64-linux-gnu/gconv/gconv-modules.cache
7f01f7abc000-7f01f7abf000 ---p 00000000 00:00 0 
7f01f7abf000-7f01f7bbd000 rw-p 00000000 00:00 0 
7f01f7bbd000-7f01f7bc1000 r--s 000a1000 08:05 3014924                    /home/wecode/android-studio-ide-191.5791312-linux/android-studio/jre/jre/lib/jsse.jar
7f01f7bc1000-7f01f7dc1000 rw-p 00000000 00:00 0 
7f01f7dc1000-7f01f7dc4000 ---p 00000000 00:00 0 
7f01f7dc4000-7f01f7ec2000 rw-p 00000000 00:00 0 
7f01f7ec2000-7f01f7eca000 r-xp 00000000 08:05 3148172                    /home/wecode/android-studio-ide-191.5791312-linux/android-studio/jre/jre/lib/amd64/libmanagement.so
7f01f7eca000-7f01f7ecb000 rw-p 00007000 08:05 3148172                    /home/wecode/android-studio-ide-191.5791312-linux/android-studio/jre/jre/lib/amd64/libmanagement.so
7f01f7ecb000-7f01f7ecd000 r--s 0000f000 08:05 3284316                    /home/wecode/.gradle/wrapper/dists/gradle-5.4.1-all/3221gyojl5jsh0helicew7rwx/gradle-5.4.1/lib/plugins/gradle-tooling-api-builders-5.4.1.jar
7f01f7ecd000-7f01f7ece000 r--s 00005000 08:05 3284337                    /home/wecode/.gradle/wrapper/dists/gradle-5.4.1-all/3221gyojl5jsh0helicew7rwx/gradle-5.4.1/lib/plugins/gradle-build-profile-5.4.1.jar
7f01f7ece000-7f01f7ed0000 r--s 00003000 08:05 3284296                    /home/wecode/.gradle/wrapper/dists/gradle-5.4.1-all/3221gyojl5jsh0helicew7rwx/gradle-5.4.1/lib/plugins/gradle-tooling-native-5.4.1.jar
7f01f7ed0000-7f01f7ed4000 r--s 00017000 08:05 3284298                    /home/wecode/.gradle/wrapper/dists/gradle-5.4.1-all/3221gyojl5jsh0helicew7rwx/gradle-5.4.1/lib/plugins/gradle-testing-native-5.4.1.jar
7f01f7ed4000-7f01f7ed6000 r--s 0000f000 08:05 3284394                    /home/wecode/.gradle/wrapper/dists/gradle-5.4.1-all/3221gyojl5jsh0helicew7rwx/gradle-5.4.1/lib/plugins/jcommander-1.72.jar
7f01f7ed6000-7f01f7edf000 r--s 00089000 08:05 3284370                    /home/wecode/.gradle/wrapper/dists/gradle-5.4.1-all/3221gyojl5jsh0helicew7rwx/gradle-5.4.1/lib/plugins/testng-6.3.1.jar
7f01f7edf000-7f01f7ee4000 r--s 0005a000 08:05 3284374                    /home/wecode/.gradle/wrapper/dists/gradle-5.4.1-all/3221gyojl5jsh0helicew7rwx/gradle-5.4.1/lib/plugins/bsh-2.0b6.jar
7f01f7ee4000-7f01f7ee8000 r--s 0001c000 08:05 3284317                    /home/wecode/.gradle/wrapper/dists/gradle-5.4.1-all/3221gyojl5jsh0helicew7rwx/gradle-5.4.1/lib/plugins/gradle-testing-jvm-5.4.1.jar
7f01f7ee8000-7f01f7eeb000 r--s 00011000 08:05 3284412                    /home/wecode/.gradle/wrapper/dists/gradle-5.4.1-all/3221gyojl5jsh0helicew7rwx/gradle-5.4.1/lib/plugins/junit-platform-commons-1.3.1.jar
7f01f7eeb000-7f01f7eec000 r--s 00001000 08:05 3284414                    /home/wecode/.gradle/wrapper/dists/gradle-5.4.1-all/3221gyojl5jsh0helicew7rwx/gradle-5.4.1/lib/plugins/opentest4j-1.1.1.jar
7f01f7eec000-7f01f7ef0000 r--s 0001d000 08:05 3284411                    /home/wecode/.gradle/wrapper/dists/gradle-5.4.1-all/3221gyojl5jsh0helicew7rwx/gradle-5.4.1/lib/plugins/junit-platform-engine-1.3.1.jar
7f01f7ef0000-7f01f7ef1000 r--s 00000000 08:05 3284413                    /home/wecode/.gradle/wrapper/dists/gradle-5.4.1-all/3221gyojl5jsh0helicew7rwx/gradle-5.4.1/lib/plugins/apiguardian-api-1.0.0.jar
7f01f7ef1000-7f01f7ef4000 r--s 00015000 08:05 3284375                    /home/wecode/.gradle/wrapper/dists/gradle-5.4.1-all/3221gyojl5jsh0helicew7rwx/gradle-5.4.1/lib/plugins/junit-platform-launcher-1.3.1.jar
7f01f7ef4000-7f01f7ef6000 r--s 00009000 08:05 3284392                    /home/wecode/.gradle/wrapper/dists/gradle-5.4.1-all/3221gyojl5jsh0helicew7rwx/gradle-5.4.1/lib/plugins/hamcrest-core-1.3.jar
7f01f7ef6000-7f01f7efe000 r--s 00045000 08:05 3284373                    /home/wecode/.gradle/wrapper/dists/gradle-5.4.1-all/3221gyojl5jsh0helicew7rwx/gradle-5.4.1/lib/plugins/junit-4.12.jar
7f01f7efe000-7f01f7eff000 r--s 00003000 08:05 3284315                    /home/wecode/.gradle/wrapper/dists/gradle-5.4.1-all/3221gyojl5jsh0helicew7rwx/gradle-5.4.1/lib/plugins/gradle-testing-junit-platform-5.4.1.jar
7f01f7eff000-7f01f7f07000 r--s 00034000 08:05 3284325                    /home/wecode/.gradle/wrapper/dists/gradle-5.4.1-all/3221gyojl5jsh0helicew7rwx/gradle-5.4.1/lib/plugins/gradle-testing-base-5.4.1.jar
7f01f7f07000-7f01f7f0f000 r--s 00048000 08:05 3284364                    /home/wecode/.gradle/wrapper/dists/gradle-5.4.1-all/3221gyojl5jsh0helicew7rwx/gradle-5.4.1/lib/plugins/bcpg-jdk15on-1.61.jar
7f01f7f0f000-7f01f7f11000 r--s 0000f000 08:05 3284295                    /home/wecode/.gradle/wrapper/dists/gradle-5.4.1-all/3221gyojl5jsh0helicew7rwx/gradle-5.4.1/lib/plugins/gradle-signing-5.4.1.jar
7f01f7f11000-7f01f7f13000 r--s 00009000 08:05 3284304                    /home/wecode/.gradle/wrapper/dists/gradle-5.4.1-all/3221gyojl5jsh0helicew7rwx/gradle-5.4.1/lib/plugins/gradle-scala-5.4.1.jar
7f01f7f13000-7f01f7f14000 r--s 00004000 08:05 3284336                    /home/wecode/.gradle/wrapper/dists/gradle-5.4.1-all/3221gyojl5jsh0helicew7rwx/gradle-5.4.1/lib/plugins/gradle-resources-sftp-5.4.1.jar
7f01f7f14000-7f01f7f1d000 r--s 0005b000 08:05 3284342                    /home/wecode/.gradle/wrapper/dists/gradle-5.4.1-all/3221gyojl5jsh0helicew7rwx/gradle-5.4.1/lib/plugins/aws-java-sdk-kms-1.11.407.jar
7f01f7f1d000-7f01f7f1f000 r--s 00005000 08:05 3284381                    /home/wecode/.gradle/wrapper/dists/gradle-5.4.1-all/3221gyojl5jsh0helicew7rwx/gradle-5.4.1/lib/plugins/jmespath-java-1.11.407.jar
7f01f7f1f000-7f01f7f32000 r--s 000ca000 08:05 3284341                    /home/wecode/.gradle/wrapper/dists/gradle-5.4.1-all/3221gyojl5jsh0helicew7rwx/gradle-5.4.1/lib/plugins/aws-java-sdk-s3-1.11.407.jar
7f01f7f32000-7f01f7f3c000 r--s 00081000 08:05 3284410                    /home/wecode/.gradle/wrapper/dists/gradle-5.4.1-all/3221gyojl5jsh0helicew7rwx/gradle-5.4.1/lib/plugins/ion-java-1.0.2.jar
7f01f7f3c000-7f01f7f52000 r--s 000ca000 08:05 3284343                    /home/wecode/.gradle/wrapper/dists/gradle-5.4.1-all/3221gyojl5jsh0helicew7rwx/gradle-5.4.1/lib/plugins/aws-java-sdk-core-1.11.407.jar
7f01f7f52000-7f01f7f54000 r--s 00004000 08:05 3284332                    /home/wecode/.gradle/wrapper/dists/gradle-5.4.1-all/3221gyojl5jsh0helicew7rwx/gradle-5.4.1/lib/plugins/gradle-resources-s3-5.4.1.jar
7f01f7f54000-7f01f7f65000 r--s 0008c000 08:05 3284385                    /home/wecode/.gradle/wrapper/dists/gradle-5.4.1-all/3221gyojl5jsh0helicew7rwx/gradle-5.4.1/lib/plugins/joda-time-2.10.jar
7f01f7f65000-7f01f7f77000 r--s 00137000 08:05 3284382                    /home/wecode/.gradle/wrapper/dists/gradle-5.4.1-all/3221gyojl5jsh0helicew7rwx/gradle-5.4.1/lib/plugins/jackson-databind-2.9.8.jar
7f01f7f77000-7f01f7f7a000 r--s 0000e000 08:05 3284384                    /home/wecode/.gradle/wrapper/dists/gradle-5.4.1-all/3221gyojl5jsh0helicew7rwx/gradle-5.4.1/lib/plugins/jackson-annotations-2.9.8.jar
7f01f7f7a000-7f01f7f7e000 r--s 0004c000 08:05 3284383                    /home/wecode/.gradle/wrapper/dists/gradle-5.4.1-all/3221gyojl5jsh0helicew7rwx/gradle-5.4.1/lib/plugins/jackson-core-2.9.8.jar
7f01f7f7e000-7f01f7f7f000 r--s 00001000 08:05 3284350                    /home/wecode/.gradle/wrapper/dists/gradle-5.4.1-all/3221gyojl5jsh0helicew7rwx/gradle-5.4.1/lib/plugins/google-http-client-jackson2-1.25.0.jar
7f01f7f7f000-7f01f7f89000 r--s 00056000 08:05 3284351                    /home/wecode/.gradle/wrapper/dists/gradle-5.4.1-all/3221gyojl5jsh0helicew7rwx/gradle-5.4.1/lib/plugins/google-http-client-1.25.0.jar
7f01f7f89000-7f01f7f8c000 r--s 0000d000 08:05 3284349                    /home/wecode/.gradle/wrapper/dists/gradle-5.4.1-all/3221gyojl5jsh0helicew7rwx/gradle-5.4.1/lib/plugins/google-oauth-client-1.25.0.jar
7f01f7f8c000-7f01f7f91000 r--s 0002d000 08:05 3284348                    /home/wecode/.gradle/wrapper/dists/gradle-5.4.1-all/3221gyojl5jsh0helicew7rwx/gradle-5.4.1/lib/plugins/google-api-client-1.25.0.jar
7f01f7f91000-7f01f7f95000 r--s 0001d000 08:05 3284347                    /home/wecode/.gradle/wrapper/dists/gradle-5.4.1-all/3221gyojl5jsh0helicew7rwx/gradle-5.4.1/lib/plugins/google-api-services-storage-v1-rev136-1.25.0.jar
7f01f7f95000-7f01f7f97000 r--s 00003000 08:05 3284333                    /home/wecode/.gradle/wrapper/dists/gradle-5.4.1-all/3221gyojl5jsh0helicew7rwx/gradle-5.4.1/lib/plugins/gradle-resources-gcs-5.4.1.jar
7f01f7f97000-7f01f7f99000 r--s 00010000 08:05 3284331                    /home/wecode/.gradle/wrapper/dists/gradle-5.4.1-all/3221gyojl5jsh0helicew7rwx/gradle-5.4.1/lib/plugins/gradle-reporting-5.4.1.jar
7f01f7f99000-7f01f7f9b000 r--s 00008000 08:05 3284324                    /home/wecode/.gradle/wrapper/dists/gradle-5.4.1-all/3221gyojl5jsh0helicew7rwx/gradle-5.4.1/lib/plugins/gradle-publish-5.4.1.jar
7f01f7f9b000-7f01f7fa3000 r--s 00046000 08:05 3284312                    /home/wecode/.gradle/wrapper/dists/gradle-5.4.1-all/3221gyojl5jsh0helicew7rwx/gradle-5.4.1/lib/plugins/gradle-plugins-5.4.1.jar
7f01f7fa3000-7f01f7fa5000 r--s 0000c000 08:05 3284300                    /home/wecode/.gradle/wrapper/dists/gradle-5.4.1-all/3221gyojl5jsh0helicew7rwx/gradle-5.4.1/lib/plugins/gradle-plugin-development-5.4.1.jar
7f01f7fa5000-7f01f7fab000 r--s 00030000 08:05 3284307                    /home/wecode/.gradle/wrapper/dists/gradle-5.4.1-all/3221gyojl5jsh0helicew7rwx/gradle-5.4.1/lib/plugins/gradle-platform-play-5.4.1.jar
7f01f7fab000-7f01f7fb1000 r--s 0003d000 08:05 3284371                    /home/wecode/.gradle/wrapper/dists/gradle-5.4.1-all/3221gyojl5jsh0helicew7rwx/gradle-5.4.1/lib/plugins/snakeyaml-1.17.jar
7f01f7fb1000-7f01f7fc3000 r--s 00078000 08:05 3284322                    /home/wecode/.gradle/wrapper/dists/gradle-5.4.1-all/3221gyojl5jsh0helicew7rwx/gradle-5.4.1/lib/plugins/gradle-platform-native-5.4.1.jar
7f01f7fc3000-7f01f7fc7000 r--s 0001b000 08:05 3284321                    /home/wecode/.gradle/wrapper/dists/gradle-5.4.1-all/3221gyojl5jsh0helicew7rwx/gradle-5.4.1/lib/plugins/gradle-platform-jvm-5.4.1.jar
7f01f7fc7000-7f01f7fce000 r--s 0002a000 08:05 3284326                    /home/wecode/.gradle/wrapper/dists/gradle-5.4.1-all/3221gyojl5jsh0helicew7rwx/gradle-5.4.1/lib/plugins/gradle-platform-base-5.4.1.jar
7f01f7fce000-7f01f7ffb000 r--s 0025e000 08:05 3284355                    /home/wecode/.gradle/wrapper/dists/gradle-5.4.1-all/3221gyojl5jsh0helicew7rwx/gradle-5.4.1/lib/plugins/biz.aQute.bndlib-4.0.0.jar
7f01f7ffb000-7f01f7ffc000 r--s 00004000 08:05 3284294                    /home/wecode/.gradle/wrapper/dists/gradle-5.4.1-all/3221gyojl5jsh0helicew7rwx/gradle-5.4.1/lib/plugins/gradle-osgi-5.4.1.jar
7f01f7ffc000-7f01f7fff000 r--s 0000c000 08:05 3284360                    /home/wecode/.gradle/wrapper/dists/gradle-5.4.1-all/3221gyojl5jsh0helicew7rwx/gradle-5.4.1/lib/plugins/pmaven-groovy-0.8-20100325.jar
7f01f7fff000-7f01f8000000 r--s 00004000 08:05 3284359                    /home/wecode/.gradle/wrapper/dists/gradle-5.4.1-all/3221gyojl5jsh0helicew7rwx/gradle-5.4.1/lib/plugins/pmaven-common-0.8-20100325.jar
7f01f8000000-7f01f8021000 rw-p 00000000 00:00 0 
7f01f8021000-7f01fc000000 ---p 00000000 00:00 0 
7f01fc000000-7f01fc021000 rw-p 00000000 00:00 0 
7f01fc021000-7f0200000000 ---p 00000000 00:00 0 
7f0200000000-7f02028ab000 rw-p 00000000 00:00 0 
7f02028ab000-7f0204000000 ---p 00000000 00:00 0 
7f0204000000-7f02042d4000 rw-p 00000000 00:00 0 
7f02042d4000-7f0208000000 ---p 00000000 00:00 0 
7f0208000000-7f0208021000 rw-p 00000000 00:00 0 
7f0208021000-7f020c000000 ---p 00000000 00:00 0 
7f020c000000-7f020e76e000 rw-p 00000000 00:00 0 
7f020e76e000-7f0210000000 ---p 00000000 00:00 0 
7f0210000000-7f0210021000 rw-p 00000000 00:00 0 
7f0210021000-7f0214000000 ---p 00000000 00:00 0 
7f0214000000-7f0214021000 rw-p 00000000 00:00 0 
7f0214021000-7f0218000000 ---p 00000000 00:00 0 
7f0218000000-7f0218021000 rw-p 00000000 00:00 0 
7f0218021000-7f021c000000 ---p 00000000 00:00 0 
7f021c000000-7f021c2d3000 rw-p 00000000 00:00 0 
7f021c2d3000-7f0220000000 ---p 00000000 00:00 0 
7f0220000000-7f0220021000 rw-p 00000000 00:00 0 
7f0220021000-7f0224000000 ---p 00000000 00:00 0 
7f0224000000-7f0224001000 r--s 00008000 08:05 3284346                    /home/wecode/.gradle/wrapper/dists/gradle-5.4.1-all/3221gyojl5jsh0helicew7rwx/gradle-5.4.1/lib/plugins/wagon-http-shared-3.0.0.jar
7f0224001000-7f0224002000 r--s 00002000 08:05 3284345                    /home/wecode/.gradle/wrapper/dists/gradle-5.4.1-all/3221gyojl5jsh0helicew7rwx/gradle-5.4.1/lib/plugins/wagon-http-3.0.0.jar
7f0224002000-7f0224003000 r--s 00002000 08:05 3284361                    /home/wecode/.gradle/wrapper/dists/gradle-5.4.1-all/3221gyojl5jsh0helicew7rwx/gradle-5.4.1/lib/plugins/wagon-file-3.0.0.jar
7f0224003000-7f0224005000 r--s 00006000 08:05 3284363                    /home/wecode/.gradle/wrapper/dists/gradle-5.4.1-all/3221gyojl5jsh0helicew7rwx/gradle-5.4.1/lib/plugins/aether-connector-wagon-1.13.1.jar
7f0224005000-7f022400c000 r--s 00031000 08:05 3284301                    /home/wecode/.gradle/wrapper/dists/gradle-5.4.1-all/3221gyojl5jsh0helicew7rwx/gradle-5.4.1/lib/plugins/gradle-maven-5.4.1.jar
7f022400c000-7f022400e000 r--s 0000c000 08:05 3284314                    /home/wecode/.gradle/wrapper/dists/gradle-5.4.1-all/3221gyojl5jsh0helicew7rwx/gradle-5.4.1/lib/plugins/gradle-language-scala-5.4.1.jar
7f022400e000-7f0224019000 r--s 00054000 08:05 3284299                    /home/wecode/.gradle/wrapper/dists/gradle-5.4.1-all/3221gyojl5jsh0helicew7rwx/gradle-5.4.1/lib/plugins/gradle-language-native-5.4.1.jar
7f0224019000-7f022401b000 r--s 00005000 08:05 3284320                    /home/wecode/.gradle/wrapper/dists/gradle-5.4.1-all/3221gyojl5jsh0helicew7rwx/gradle-5.4.1/lib/plugins/gradle-language-jvm-5.4.1.jar
7f022401b000-7f0224024000 r--s 00042000 08:05 3284318                    /home/wecode/.gradle/wrapper/dists/gradle-5.4.1-all/3221gyojl5jsh0helicew7rwx/gradle-5.4.1/lib/plugins/gradle-language-java-5.4.1.jar
7f0224024000-7f0224026000 r--s 0000b000 08:05 3284313                    /home/wecode/.gradle/wrapper/dists/gradle-5.4.1-all/3221gyojl5jsh0helicew7rwx/gradle-5.4.1/lib/plugins/gradle-language-groovy-5.4.1.jar
7f0224026000-7f022402d000 r--s 00035000 08:05 3284367                    /home/wecode/.gradle/wrapper/dists/gradle-5.4.1-all/3221gyojl5jsh0helicew7rwx/gradle-5.4.1/lib/plugins/simple-4.1.21.jar
7f022402d000-7f022403a000 r--s 00125000 08:05 3284365                    /home/wecode/.gradle/wrapper/dists/gradle-5.4.1-all/3221gyojl5jsh0helicew7rwx/gradle-5.4.1/lib/plugins/rhino-1.7.10.jar
7f022403a000-7f022403e000 r--s 00012000 08:05 3284308                    /home/wecode/.gradle/wrapper/dists/gradle-5.4.1-all/3221gyojl5jsh0helicew7rwx/gradle-5.4.1/lib/plugins/gradle-javascript-5.4.1.jar
7f022403e000-7f0224042000 r--s 00011000 08:05 3284310                    /home/wecode/.gradle/wrapper/dists/gradle-5.4.1-all/3221gyojl5jsh0helicew7rwx/gradle-5.4.1/lib/plugins/gradle-jacoco-5.4.1.jar
7f0224042000-7f0224046000 r--s 00015000 08:05 3284309                    /home/wecode/.gradle/wrapper/dists/gradle-5.4.1-all/3221gyojl5jsh0helicew7rwx/gradle-5.4.1/lib/plugins/gradle-ivy-5.4.1.jar
7f0224046000-7f0224048000 r--s 00002000 08:05 3284302                    /home/wecode/.gradle/wrapper/dists/gradle-5.4.1-all/3221gyojl5jsh0helicew7rwx/gradle-5.4.1/lib/plugins/gradle-ide-play-5.4.1.jar
7f0224048000-7f022404a000 r--s 00011000 08:05 3284372                    /home/wecode/.gradle/wrapper/dists/gradle-5.4.1-all/3221gyojl5jsh0helicew7rwx/gradle-5.4.1/lib/plugins/dd-plist-1.21.jar
7f022404a000-7f0224051000 r--s 00034000 08:05 3284297                    /home/wecode/.gradle/wrapper/dists/gradle-5.4.1-all/3221gyojl5jsh0helicew7rwx/gradle-5.4.1/lib/plugins/gradle-ide-native-5.4.1.jar
7f0224051000-7f022405b000 r--s 0005f000 08:05 3284303                    /home/wecode/.gradle/wrapper/dists/gradle-5.4.1-all/3221gyojl5jsh0helicew7rwx/gradle-5.4.1/lib/plugins/gradle-ide-5.4.1.jar
7f022405b000-7f022405d000 r--s 00008000 08:05 3284306                    /home/wecode/.gradle/wrapper/dists/gradle-5.4.1-all/3221gyojl5jsh0helicew7rwx/gradle-5.4.1/lib/plugins/gradle-ear-5.4.1.jar
7f022405d000-7f022405f000 r--s 00006000 08:05 3284368                    /home/wecode/.gradle/wrapper/dists/gradle-5.4.1-all/3221gyojl5jsh0helicew7rwx/gradle-5.4.1/lib/plugins/jatl-0.2.3.jar
7f022405f000-7f0224065000 r--s 0003e000 08:05 3284323                    /home/wecode/.gradle/wrapper/dists/gradle-5.4.1-all/3221gyojl5jsh0helicew7rwx/gradle-5.4.1/lib/plugins/gradle-diagnostics-5.4.1.jar
7f0224065000-7f022406a000 r--s 00028000 08:05 3284293                    /home/wecode/.gradle/wrapper/dists/gradle-5.4.1-all/3221gyojl5jsh0helicew7rwx/gradle-5.4.1/lib/plugins/gradle-code-quality-5.4.1.jar
7f022406a000-7f022406c000 r--s 0000b000 08:05 3284369                    /home/wecode/.gradle/wrapper/dists/gradle-5.4.1-all/3221gyojl5jsh0helicew7rwx/gradle-5.4.1/lib/plugins/maven-plugin-api-3.0.4.jar
7f022406c000-7f022406e000 r--s 0000c000 08:05 3284407                    /home/wecode/.gradle/wrapper/dists/gradle-5.4.1-all/3221gyojl5jsh0helicew7rwx/gradle-5.4.1/lib/plugins/wagon-provider-api-3.0.0.jar
7f022406e000-7f0224074000 r--s 0003f000 08:05 3284357                    /home/wecode/.gradle/wrapper/dists/gradle-5.4.1-all/3221gyojl5jsh0helicew7rwx/gradle-5.4.1/lib/plugins/maven-compat-3.0.4.jar
7f0224074000-7f0224077000 r--s 0000a000 08:05 3284404                    /home/wecode/.gradle/wrapper/dists/gradle-5.4.1-all/3221gyojl5jsh0helicew7rwx/gradle-5.4.1/lib/plugins/plexus-classworlds-2.5.1.jar
7f0224077000-7f022407b000 r--s 00021000 08:05 3284409                    /home/wecode/.gradle/wrapper/dists/gradle-5.4.1-all/3221gyojl5jsh0helicew7rwx/gradle-5.4.1/lib/plugins/xbean-reflect-3.7.jar
7f022407b000-7f0224082000 r--s 00032000 08:05 3284362                    /home/wecode/.gradle/wrapper/dists/gradle-5.4.1-all/3221gyojl5jsh0helicew7rwx/gradle-5.4.1/lib/plugins/plexus-container-default-1.7.1.jar
7f0224082000-7f0224088000 r--s 00031000 08:05 3284311                    /home/wecode/.gradle/wrapper/dists/gradle-5.4.1-all/3221gyojl5jsh0helicew7rwx/gradle-5.4.1/lib/plugins/gradle-build-init-5.4.1.jar
7f0224088000-7f022408e000 r--s 0002e000 08:05 3284305                    /home/wecode/.gradle/wrapper/dists/gradle-5.4.1-all/3221gyojl5jsh0helicew7rwx/gradle-5.4.1/lib/plugins/gradle-build-comparison-5.4.1.jar
7f022408e000-7f0224090000 r--s 00002000 08:05 3284334                    /home/wecode/.gradle/wrapper/dists/gradle-5.4.1-all/3221gyojl5jsh0helicew7rwx/gradle-5.4.1/lib/plugins/gradle-build-cache-http-5.4.1.jar
7f0224090000-7f0224092000 r--s 00009000 08:05 3284292                    /home/wecode/.gradle/wrapper/dists/gradle-5.4.1-all/3221gyojl5jsh0helicew7rwx/gradle-5.4.1/lib/plugins/gradle-antlr-5.4.1.jar
7f0224092000-7f0224093000 r--s 00005000 08:05 3284291                    /home/wecode/.gradle/wrapper/dists/gradle-5.4.1-all/3221gyojl5jsh0helicew7rwx/gradle-5.4.1/lib/plugins/gradle-announce-5.4.1.jar
7f0224093000-7f0224096000 r--s 00017000 08:05 3284339                    /home/wecode/.gradle/wrapper/dists/gradle-5.4.1-all/3221gyojl5jsh0helicew7rwx/gradle-5.4.1/lib/plugins/gradle-kotlin-dsl-tooling-builders-5.4.1.jar
7f0224096000-7f022409c000 r--s 00029000 08:05 3284338                    /home/wecode/.gradle/wrapper/dists/gradle-5.4.1-all/3221gyojl5jsh0helicew7rwx/gradle-5.4.1/lib/plugins/gradle-kotlin-dsl-provider-plugins-5.4.1.jar
7f022409c000-7f022409d000 r--s 00000000 08:05 3284213                    /home/wecode/.gradle/wrapper/dists/gradle-5.4.1-all/3221gyojl5jsh0helicew7rwx/gradle-5.4.1/lib/gradle-runtime-api-info-5.4.1.jar
7f022409d000-7f02240a2000 r--s 00040000 08:05 3284379                    /home/wecode/.gradle/wrapper/dists/gradle-5.4.1-all/3221gyojl5jsh0helicew7rwx/gradle-5.4.1/lib/plugins/jsch-0.1.54.jar
7f02240a2000-7f02240a4000 r--s 00010000 08:05 3284395                    /home/wecode/.gradle/wrapper/dists/gradle-5.4.1-all/3221gyojl5jsh0helicew7rwx/gradle-5.4.1/lib/plugins/jzlib-1.1.3.jar
7f02240a4000-7f02240c9000 r--s 00265000 08:05 3284344                    /home/wecode/.gradle/wrapper/dists/gradle-5.4.1-all/3221gyojl5jsh0helicew7rwx/gradle-5.4.1/lib/plugins/org.eclipse.jgit-5.0.3.201809091024-r.jar
7f02240c9000-7f02240cc000 r--s 0000c000 08:05 3284328                    /home/wecode/.gradle/wrapper/dists/gradle-5.4.1-all/3221gyojl5jsh0helicew7rwx/gradle-5.4.1/lib/plugins/gradle-version-control-5.4.1.jar
7f02240cc000-7f02240e5000 r--s 0013a000 08:05 3284378                    /home/wecode/.gradle/wrapper/dists/gradle-5.4.1-all/3221gyojl5jsh0helicew7rwx/gradle-5.4.1/lib/plugins/xercesImpl-2.12.0.jar
7f02240e5000-7f02240e7000 r--s 0001d000 08:05 3284377                    /home/wecode/.gradle/wrapper/dists/gradle-5.4.1-all/3221gyojl5jsh0helicew7rwx/gradle-5.4.1/lib/plugins/nekohtml-1.9.22.jar
7f02240e7000-7f02240ed000 r--s 0005b000 08:05 3284376                    /home/wecode/.gradle/wrapper/dists/gradle-5.4.1-all/3221gyojl5jsh0helicew7rwx/gradle-5.4.1/lib/plugins/jcifs-1.3.17.jar
7f02240ed000-7f02240f4000 r--s 0004b000 08:05 3284353                    /home/wecode/.gradle/wrapper/dists/gradle-5.4.1-all/3221gyojl5jsh0helicew7rwx/gradle-5.4.1/lib/plugins/commons-codec-1.11.jar
7f02240f4000-7f02240fb000 r--s 00049000 08:05 3284393                    /home/wecode/.gradle/wrapper/dists/gradle-5.4.1-all/3221gyojl5jsh0helicew7rwx/gradle-5.4.1/lib/plugins/httpcore-4.4.10.jar
7f02240fb000-7f0224108000 r--s 000af000 08:05 3284352                    /home/wecode/.gradle/wrapper/dists/gradle-5.4.1-all/3221gyojl5jsh0helicew7rwx/gradle-5.4.1/lib/plugins/httpclient-4.5.6.jar
7f0224108000-7f022410b000 r--s 0000e000 08:05 3284335                    /home/wecode/.gradle/wrapper/dists/gradle-5.4.1-all/3221gyojl5jsh0helicew7rwx/gradle-5.4.1/lib/plugins/gradle-resources-http-5.4.1.jar
7f022410b000-7f022410e000 r--s 0000c000 08:05 3284327                    /home/wecode/.gradle/wrapper/dists/gradle-5.4.1-all/3221gyojl5jsh0helicew7rwx/gradle-5.4.1/lib/plugins/gradle-plugin-use-5.4.1.jar
7f022410e000-7f0224111000 r--s 0000d000 08:05 3284330                    /home/wecode/.gradle/wrapper/dists/gradle-5.4.1-all/3221gyojl5jsh0helicew7rwx/gradle-5.4.1/lib/plugins/gradle-composite-builds-5.4.1.jar
7f0224111000-7f0224112000 r--s 00000000 08:05 3284216                    /home/wecode/.gradle/wrapper/dists/gradle-5.4.1-all/3221gyojl5jsh0helicew7rwx/gradle-5.4.1/lib/gradle-installation-beacon-5.4.1.jar
7f0224112000-7f0224114000 r--s 00006000 08:05 3284399                    /home/wecode/.gradle/wrapper/dists/gradle-5.4.1-all/3221gyojl5jsh0helicew7rwx/gradle-5.4.1/lib/plugins/maven-repository-metadata-3.0.4.jar
7f0224114000-7f0224116000 r--s 0000c000 08:05 3284387                    /home/wecode/.gradle/wrapper/dists/gradle-5.4.1-all/3221gyojl5jsh0helicew7rwx/gradle-5.4.1/lib/plugins/maven-aether-provider-3.0.4.jar
7f0224116000-7f0224117000 r--s 00003000 08:05 3284389                    /home/wecode/.gradle/wrapper/dists/gradle-5.4.1-all/3221gyojl5jsh0helicew7rwx/gradle-5.4.1/lib/plugins/aether-spi-1.13.1.jar
7f0224117000-7f022411a000 r--s 0001d000 08:05 3284388                    /home/wecode/.gradle/wrapper/dists/gradle-5.4.1-all/3221gyojl5jsh0helicew7rwx/gradle-5.4.1/lib/plugins/aether-impl-1.13.1.jar
7f022411a000-7f022411e000 r--s 0001c000 08:05 3284390                    /home/wecode/.gradle/wrapper/dists/gradle-5.4.1-all/3221gyojl5jsh0helicew7rwx/gradle-5.4.1/lib/plugins/aether-util-1.13.1.jar
7f022411e000-7f0224121000 r--s 00013000 08:05 3284391                    /home/wecode/.gradle/wrapper/dists/gradle-5.4.1-all/3221gyojl5jsh0helicew7rwx/gradle-5.4.1/lib/plugins/aether-api-1.13.1.jar
7f0224121000-7f0224123000 r--s 0000b000 08:05 3284396                    /home/wecode/.gradle/wrapper/dists/gradle-5.4.1-all/3221gyojl5jsh0helicew7rwx/gradle-5.4.1/lib/plugins/maven-artifact-3.0.4.jar
7f0224123000-7f0224127000 r--s 00021000 08:05 3284397                    /home/wecode/.gradle/wrapper/dists/gradle-5.4.1-all/3221gyojl5jsh0helicew7rwx/gradle-5.4.1/lib/plugins/maven-model-builder-3.0.4.jar
7f0224127000-7f0224129000 r--s 00026000 08:05 3284398                    /home/wecode/.gradle/wrapper/dists/gradle-5.4.1-all/3221gyojl5jsh0helicew7rwx/gradle-5.4.1/lib/plugins/maven-model-3.0.4.jar
7f0224129000-7f022412b000 r--s 0000a000 08:05 3284401                    /home/wecode/.gradle/wrapper/dists/gradle-5.4.1-all/3221gyojl5jsh0helicew7rwx/gradle-5.4.1/lib/plugins/maven-settings-3.0.4.jar
7f022412b000-7f022412d000 r--s 00002000 08:05 3284403                    /home/wecode/.gradle/wrapper/dists/gradle-5.4.1-all/3221gyojl5jsh0helicew7rwx/gradle-5.4.1/lib/plugins/plexus-cipher-1.7.jar
7f022412d000-7f022412e000 r--s 00006000 08:05 3284402                    /home/wecode/.gradle/wrapper/dists/gradle-5.4.1-all/3221gyojl5jsh0helicew7rwx/gradle-5.4.1/lib/plugins/plexus-sec-dispatcher-1.3.jar
7f022412e000-7f022413a000 r--s 0007d000 08:05 3284358                    /home/wecode/.gradle/wrapper/dists/gradle-5.4.1-all/3221gyojl5jsh0helicew7rwx/gradle-5.4.1/lib/plugins/maven-core-3.0.4.jar
7f022413a000-7f022414f000 r--s 00116000 08:05 3284356                    /home/wecode/.gradle/wrapper/dists/gradle-5.4.1-all/3221gyojl5jsh0helicew7rwx/gradle-5.4.1/lib/plugins/ivy-2.3.0.jar
7f022414f000-7f02241ae000 r--s 003f7000 08:05 3284386                    /home/wecode/.gradle/wrapper/dists/gradle-5.4.1-all/3221gyojl5jsh0helicew7rwx/gradle-5.4.1/lib/plugins/bcprov-jdk15on-1.61.jar
7f02241ae000-7f02241e1000 r--s 001c3000 08:05 3284329                    /home/wecode/.gradle/wrapper/dists/gradle-5.4.1-all/3221gyojl5jsh0helicew7rwx/gradle-5.4.1/lib/plugins/gradle-dependency-management-5.4.1.jar
7f02241e1000-7f02241f8000 r-xp 00000000 08:05 2490726                    /lib/x86_64-linux-gnu/libgcc_s.so.1
7f02241f8000-7f02243f7000 ---p 00017000 08:05 2490726                    /lib/x86_64-linux-gnu/libgcc_s.so.1
7f02243f7000-7f02243f8000 r--p 00016000 08:05 2490726                    /lib/x86_64-linux-gnu/libgcc_s.so.1
7f02243f8000-7f02243f9000 rw-p 00017000 08:05 2490726                    /lib/x86_64-linux-gnu/libgcc_s.so.1
7f02243f9000-7f0224572000 r-xp 00000000 08:05 1048755                    /usr/lib/x86_64-linux-gnu/libstdc++.so.6.0.25
7f0224572000-7f0224772000 ---p 00179000 08:05 1048755                    /usr/lib/x86_64-linux-gnu/libstdc++.so.6.0.25
7f0224772000-7f022477c000 r--p 00179000 08:05 1048755                    /usr/lib/x86_64-linux-gnu/libstdc++.so.6.0.25
7f022477c000-7f022477e000 rw-p 00183000 08:05 1048755                    /usr/lib/x86_64-linux-gnu/libstdc++.so.6.0.25
7f022477e000-7f0224782000 rw-p 00000000 00:00 0 
7f0224782000-7f0224784000 r--s 00000000 08:05 3284405                    /home/wecode/.gradle/wrapper/dists/gradle-5.4.1-all/3221gyojl5jsh0helicew7rwx/gradle-5.4.1/lib/plugins/plexus-component-annotations-1.5.5.jar
7f0224784000-7f0224786000 r--s 0000d000 08:05 3284406                    /home/wecode/.gradle/wrapper/dists/gradle-5.4.1-all/3221gyojl5jsh0helicew7rwx/gradle-5.4.1/lib/plugins/plexus-interpolation-1.14.jar
7f0224786000-7f022478a000 r--s 0003c000 08:05 3284408                    /home/wecode/.gradle/wrapper/dists/gradle-5.4.1-all/3221gyojl5jsh0helicew7rwx/gradle-5.4.1/lib/plugins/plexus-utils-3.1.0.jar
7f022478a000-7f022478d000 r--s 00008000 08:05 3284400                    /home/wecode/.gradle/wrapper/dists/gradle-5.4.1-all/3221gyojl5jsh0helicew7rwx/gradle-5.4.1/lib/plugins/maven-settings-builder-3.0.4.jar
7f022478d000-7f0224792000 r--s 00036000 08:05 3284366                    /home/wecode/.gradle/wrapper/dists/gradle-5.4.1-all/3221gyojl5jsh0helicew7rwx/gradle-5.4.1/lib/plugins/gson-2.8.5.jar
7f0224792000-7f0224793000 r--s 00013000 08:05 3284354                    /home/wecode/.gradle/wrapper/dists/gradle-5.4.1-all/3221gyojl5jsh0helicew7rwx/gradle-5.4.1/lib/plugins/asm-util-7.0.jar
7f0224793000-7f0224796000 r--s 0000e000 08:05 3284340                    /home/wecode/.gradle/wrapper/dists/gradle-5.4.1-all/3221gyojl5jsh0helicew7rwx/gradle-5.4.1/lib/plugins/gradle-workers-5.4.1.jar
7f0224796000-7f022479c000 r-xp 00000000 08:05 3285598                    /home/wecode/.gradle/native/29/linux-amd64/libnative-platform.so
7f022479c000-7f022499b000 ---p 00006000 08:05 3285598                    /home/wecode/.gradle/native/29/linux-amd64/libnative-platform.so
7f022499b000-7f022499c000 rw-p 00005000 08:05 3285598                    /home/wecode/.gradle/native/29/linux-amd64/libnative-platform.so
7f022499c000-7f02249ac000 r-xp 00000000 08:05 3153854                    /home/wecode/android-studio-ide-191.5791312-linux/android-studio/jre/jre/lib/amd64/libnio.so
7f02249ac000-7f02249ad000 rw-p 00010000 08:05 3153854                    /home/wecode/android-studio-ide-191.5791312-linux/android-studio/jre/jre/lib/amd64/libnio.so
7f02249ad000-7f02279ae000 rw-p 00000000 00:00 0 
7f02279ae000-7f02279c4000 r-xp 00000000 08:05 3153866                    /home/wecode/android-studio-ide-191.5791312-linux/android-studio/jre/jre/lib/amd64/libnet.so
7f02279c4000-7f02279c5000 rw-p 00016000 08:05 3153866                    /home/wecode/android-studio-ide-191.5791312-linux/android-studio/jre/jre/lib/amd64/libnet.so
7f02279c5000-7f02279c7000 r--s 00006000 08:05 3284215                    /home/wecode/.gradle/wrapper/dists/gradle-5.4.1-all/3221gyojl5jsh0helicew7rwx/gradle-5.4.1/lib/gradle-wrapper-5.4.1.jar
7f02279c7000-7f02279d6000 r--s 0004c000 08:05 3284214                    /home/wecode/.gradle/wrapper/dists/gradle-5.4.1-all/3221gyojl5jsh0helicew7rwx/gradle-5.4.1/lib/gradle-tooling-api-5.4.1.jar
7f02279d6000-7f02279e1000 r--s 00081000 08:05 3284273                    /home/wecode/.gradle/wrapper/dists/gradle-5.4.1-all/3221gyojl5jsh0helicew7rwx/gradle-5.4.1/lib/trove4j-1.0.20181211.jar
7f02279e1000-7f02279e3000 r--s 00009000 08:05 3284272                    /home/wecode/.gradle/wrapper/dists/gradle-5.4.1-all/3221gyojl5jsh0helicew7rwx/gradle-5.4.1/lib/kotlin-script-runtime-1.3.21.jar
7f02279e3000-7f0227a1a000 r--s 00255000 08:05 3284266                    /home/wecode/.gradle/wrapper/dists/gradle-5.4.1-all/3221gyojl5jsh0helicew7rwx/gradle-5.4.1/lib/kotlin-reflect-1.3.21.jar
7f0227a1a000-7f0227bf9000 r--s 01b1b000 08:05 3284239                    /home/wecode/.gradle/wrapper/dists/gradle-5.4.1-all/3221gyojl5jsh0helicew7rwx/gradle-5.4.1/lib/kotlin-compiler-embeddable-1.3.21-patched-for-gradle-5.4.1.jar
7f0227bf9000-7f0227bfa000 r--s 00001000 08:05 3284250                    /home/wecode/.gradle/wrapper/dists/gradle-5.4.1-all/3221gyojl5jsh0helicew7rwx/gradle-5.4.1/lib/gradle-kotlin-dsl-tooling-models-5.4.1.jar
7f0227bfa000-7f0227c08000 r--s 00236000 08:05 3284253                    /home/wecode/.gradle/wrapper/dists/gradle-5.4.1-all/3221gyojl5jsh0helicew7rwx/gradle-5.4.1/lib/kotlinx-metadata-jvm-0.0.5.jar
7f0227c08000-7f0227c09000 r--s 00002000 08:05 3284252                    /home/wecode/.gradle/wrapper/dists/gradle-5.4.1-all/3221gyojl5jsh0helicew7rwx/gradle-5.4.1/lib/kotlin-sam-with-receiver-compiler-plugin-1.3.21.jar
7f0227c09000-7f0227c0a000 r--s 00000000 08:05 3284267                    /home/wecode/.gradle/wrapper/dists/gradle-5.4.1-all/3221gyojl5jsh0helicew7rwx/gradle-5.4.1/lib/kotlin-stdlib-jdk7-1.3.21.jar
7f0227c0a000-7f0227c0c000 r--s 00003000 08:05 3284269                    /home/wecode/.gradle/wrapper/dists/gradle-5.4.1-all/3221gyojl5jsh0helicew7rwx/gradle-5.4.1/lib/annotations-13.0.jar
7f0227c0c000-7f0227c13000 r--s 0001f000 08:05 3284289                    /home/wecode/.gradle/wrapper/dists/gradle-5.4.1-all/3221gyojl5jsh0helicew7rwx/gradle-5.4.1/lib/kotlin-stdlib-common-1.3.21.jar
7f0227c13000-7f0227c26000 r--s 0010f000 08:05 3284268                    /home/wecode/.gradle/wrapper/dists/gradle-5.4.1-all/3221gyojl5jsh0helicew7rwx/gradle-5.4.1/lib/kotlin-stdlib-1.3.21.jar
7f0227c26000-7f0227c28000 r--s 00002000 08:05 3284251                    /home/wecode/.gradle/wrapper/dists/gradle-5.4.1-all/3221gyojl5jsh0helicew7rwx/gradle-5.4.1/lib/kotlin-stdlib-jdk8-1.3.21.jar
7f0227c28000-7f0227c43000 r--s 0015d000 08:05 3284217                    /home/wecode/.gradle/wrapper/dists/gradle-5.4.1-all/3221gyojl5jsh0helicew7rwx/gradle-5.4.1/lib/gradle-kotlin-dsl-5.4.1.jar
7f0227c43000-7f0227c47000 r--s 00013000 08:05 3284222                    /home/wecode/.gradle/wrapper/dists/gradle-5.4.1-all/3221gyojl5jsh0helicew7rwx/gradle-5.4.1/lib/gradle-build-cache-5.4.1.jar
7f0227c47000-7f0227c49000 r--s 00006000 08:05 3284221                    /home/wecode/.gradle/wrapper/dists/gradle-5.4.1-all/3221gyojl5jsh0helicew7rwx/gradle-5.4.1/lib/gradle-build-cache-packaging-5.4.1.jar
7f0227c49000-7f0227c4e000 r--s 0001f000 08:05 3284220                    /home/wecode/.gradle/wrapper/dists/gradle-5.4.1-all/3221gyojl5jsh0helicew7rwx/gradle-5.4.1/lib/gradle-execution-5.4.1.jar
7f0227c4e000-7f0227c52000 r--s 0001a000 08:05 3284224                    /home/wecode/.gradle/wrapper/dists/gradle-5.4.1-all/3221gyojl5jsh0helicew7rwx/gradle-5.4.1/lib/gradle-files-5.4.1.jar
7f0227c52000-7f0227c57000 r--s 00026000 08:05 3284223                    /home/wecode/.gradle/wrapper/dists/gradle-5.4.1-all/3221gyojl5jsh0helicew7rwx/gradle-5.4.1/lib/gradle-snapshots-5.4.1.jar
7f0227c57000-7f0227c5c000 r--s 00015000 08:05 3284231                    /home/wecode/.gradle/wrapper/dists/gradle-5.4.1-all/3221gyojl5jsh0helicew7rwx/gradle-5.4.1/lib/gradle-resources-5.4.1.jar
7f0227c5c000-7f0227c63000 r--s 00036000 08:05 3284228                    /home/wecode/.gradle/wrapper/dists/gradle-5.4.1-all/3221gyojl5jsh0helicew7rwx/gradle-5.4.1/lib/gradle-persistent-cache-5.4.1.jar
7f0227c63000-7f0227c78000 r--s 000c1000 08:05 3284226                    /home/wecode/.gradle/wrapper/dists/gradle-5.4.1-all/3221gyojl5jsh0helicew7rwx/gradle-5.4.1/lib/gradle-model-core-5.4.1.jar
7f0227c78000-7f0227cfd000 r--s 007a7000 08:05 3284257                    /home/wecode/.gradle/wrapper/dists/gradle-5.4.1-all/3221gyojl5jsh0helicew7rwx/gradle-5.4.1/lib/groovy-all-1.0-2.5.4.jar
7f0227cfd000-7f0227cfe000 ---p 00000000 00:00 0 
7f0227cfe000-7f0227dfe000 rw-p 00000000 00:00 0 
7f0227dfe000-7f0227e01000 ---p 00000000 00:00 0 
7f0227e01000-7f0227eff000 rw-p 00000000 00:00 0 
7f0227eff000-7f0227f00000 ---p 00000000 00:00 0 
7f0227f00000-7f0227f03000 ---p 00000000 00:00 0 
7f0227f03000-7f0228000000 rw-p 00000000 00:00 0 
7f0228000000-7f022802b000 rw-p 00000000 00:00 0 
7f022802b000-7f022c000000 ---p 00000000 00:00 0 
7f022c000000-7f022c001000 r--s 00003000 08:05 3284236                    /home/wecode/.gradle/wrapper/dists/gradle-5.4.1-all/3221gyojl5jsh0helicew7rwx/gradle-5.4.1/lib/gradle-build-option-5.4.1.jar
7f022c001000-7f022c003000 r--s 00005000 08:05 3284237                    /home/wecode/.gradle/wrapper/dists/gradle-5.4.1-all/3221gyojl5jsh0helicew7rwx/gradle-5.4.1/lib/gradle-cli-5.4.1.jar
7f022c003000-7f022c005000 r--s 00004000 08:05 3284248                    /home/wecode/.gradle/wrapper/dists/gradle-5.4.1-all/3221gyojl5jsh0helicew7rwx/gradle-5.4.1/lib/log4j-over-slf4j-1.7.25.jar
7f022c005000-7f022c007000 r--s 00000000 08:05 3284247                    /home/wecode/.gradle/wrapper/dists/gradle-5.4.1-all/3221gyojl5jsh0helicew7rwx/gradle-5.4.1/lib/jul-to-slf4j-1.7.25.jar
7f022c007000-7f022c009000 r--s 00003000 08:05 3284246                    /home/wecode/.gradle/wrapper/dists/gradle-5.4.1-all/3221gyojl5jsh0helicew7rwx/gradle-5.4.1/lib/jcl-over-slf4j-1.7.25.jar
7f022c009000-7f022c011000 r--s 00038000 08:05 3284229                    /home/wecode/.gradle/wrapper/dists/gradle-5.4.1-all/3221gyojl5jsh0helicew7rwx/gradle-5.4.1/lib/gradle-logging-5.4.1.jar
7f022c011000-7f022c013000 r--s 00006000 08:05 3284233                    /home/wecode/.gradle/wrapper/dists/gradle-5.4.1-all/3221gyojl5jsh0helicew7rwx/gradle-5.4.1/lib/gradle-base-services-groovy-5.4.1.jar
7f022c013000-7f022c015000 r--s 00007000 08:05 3284225                    /home/wecode/.gradle/wrapper/dists/gradle-5.4.1-all/3221gyojl5jsh0helicew7rwx/gradle-5.4.1/lib/gradle-model-groovy-5.4.1.jar
7f022c015000-7f022c016000 r--s 00007000 08:05 3284238                    /home/wecode/.gradle/wrapper/dists/gradle-5.4.1-all/3221gyojl5jsh0helicew7rwx/gradle-5.4.1/lib/gradle-docs-5.4.1.jar
7f022c016000-7f022c01f000 r--s 0002d000 08:05 3284262                    /home/wecode/.gradle/wrapper/dists/gradle-5.4.1-all/3221gyojl5jsh0helicew7rwx/gradle-5.4.1/lib/xml-apis-1.4.01.jar
7f022c01f000-7f022c02a000 r--s 00086000 08:05 3284261                    /home/wecode/.gradle/wrapper/dists/gradle-5.4.1-all/3221gyojl5jsh0helicew7rwx/gradle-5.4.1/lib/commons-compress-1.18.jar
7f022c02a000-7f022c02b000 ---p 00000000 00:00 0 
7f022c02b000-7f022c02e000 ---p 00000000 00:00 0 
7f022c02e000-7f022c12b000 rw-p 00000000 00:00 0 
7f022c12b000-7f022c12c000 ---p 00000000 00:00 0 
7f022c12c000-7f022c12f000 ---p 00000000 00:00 0 
7f022c12f000-7f022c22c000 rw-p 00000000 00:00 0 
7f022c22c000-7f022c22f000 ---p 00000000 00:00 0 
7f022c22f000-7f022c32d000 rw-p 00000000 00:00 0 
7f022c32d000-7f022ccfd000 r--p 00000000 08:05 1055318                    /usr/lib/locale/locale-archive
7f022ccfd000-7f022cd00000 ---p 00000000 00:00 0 
7f022cd00000-7f022cdfe000 rw-p 00000000 00:00 0 
7f022cdfe000-7f022ce01000 ---p 00000000 00:00 0 
7f022ce01000-7f022ceff000 rw-p 00000000 00:00 0 
7f022ceff000-7f022cf00000 ---p 00000000 00:00 0 
7f022cf00000-7f0230000000 rw-p 00000000 00:00 0 
7f0230000000-7f0230021000 rw-p 00000000 00:00 0 
7f0230021000-7f0234000000 ---p 00000000 00:00 0 
7f0234000000-7f0234001000 r--s 00000000 08:05 3284259                    /home/wecode/.gradle/wrapper/dists/gradle-5.4.1-all/3221gyojl5jsh0helicew7rwx/gradle-5.4.1/lib/javax.inject-1.jar
7f0234001000-7f0234003000 r--s 00007000 08:05 3284241                    /home/wecode/.gradle/wrapper/dists/gradle-5.4.1-all/3221gyojl5jsh0helicew7rwx/gradle-5.4.1/lib/asm-analysis-7.0.jar
7f0234003000-7f0234005000 r--s 0000b000 08:05 3284242                    /home/wecode/.gradle/wrapper/dists/gradle-5.4.1-all/3221gyojl5jsh0helicew7rwx/gradle-5.4.1/lib/asm-tree-7.0.jar
7f0234005000-7f0234007000 r--s 00012000 08:05 3284240                    /home/wecode/.gradle/wrapper/dists/gradle-5.4.1-all/3221gyojl5jsh0helicew7rwx/gradle-5.4.1/lib/asm-commons-7.0.jar
7f0234007000-7f0234008000 r--s 00004000 08:05 3284274                    /home/wecode/.gradle/wrapper/dists/gradle-5.4.1-all/3221gyojl5jsh0helicew7rwx/gradle-5.4.1/lib/native-platform-freebsd-amd64-libcpp-0.17.jar
7f0234008000-7f0234009000 r--s 00004000 08:05 3284275                    /home/wecode/.gradle/wrapper/dists/gradle-5.4.1-all/3221gyojl5jsh0helicew7rwx/gradle-5.4.1/lib/native-platform-freebsd-amd64-libstdcpp-0.17.jar
7f0234009000-7f023400a000 r--s 00004000 08:05 3284276                    /home/wecode/.gradle/wrapper/dists/gradle-5.4.1-all/3221gyojl5jsh0helicew7rwx/gradle-5.4.1/lib/native-platform-freebsd-i386-libcpp-0.17.jar
7f023400a000-7f023400b000 r--s 00004000 08:05 3284277                    /home/wecode/.gradle/wrapper/dists/gradle-5.4.1-all/3221gyojl5jsh0helicew7rwx/gradle-5.4.1/lib/native-platform-freebsd-i386-libstdcpp-0.17.jar
7f023400b000-7f023400c000 r--s 00002000 08:05 3284278                    /home/wecode/.gradle/wrapper/dists/gradle-5.4.1-all/3221gyojl5jsh0helicew7rwx/gradle-5.4.1/lib/native-platform-linux-amd64-0.17.jar
7f023400c000-7f023400d000 r--s 00002000 08:05 3284279                    /home/wecode/.gradle/wrapper/dists/gradle-5.4.1-all/3221gyojl5jsh0helicew7rwx/gradle-5.4.1/lib/native-platform-linux-i386-0.17.jar
7f023400d000-7f023400e000 r--s 00003000 08:05 3284280                    /home/wecode/.gradle/wrapper/dists/gradle-5.4.1-all/3221gyojl5jsh0helicew7rwx/gradle-5.4.1/lib/native-platform-osx-amd64-0.17.jar
7f023400e000-7f023400f000 r--s 00010000 08:05 3284281                    /home/wecode/.gradle/wrapper/dists/gradle-5.4.1-all/3221gyojl5jsh0helicew7rwx/gradle-5.4.1/lib/native-platform-windows-amd64-0.17.jar
7f023400f000-7f0234010000 r--s 00010000 08:05 3284282                    /home/wecode/.gradle/wrapper/dists/gradle-5.4.1-all/3221gyojl5jsh0helicew7rwx/gradle-5.4.1/lib/native-platform-windows-amd64-min-0.17.jar
7f0234010000-7f0234011000 r--s 0000e000 08:05 3284283                    /home/wecode/.gradle/wrapper/dists/gradle-5.4.1-all/3221gyojl5jsh0helicew7rwx/gradle-5.4.1/lib/native-platform-windows-i386-0.17.jar
7f0234011000-7f0234012000 r--s 0000e000 08:05 3284284                    /home/wecode/.gradle/wrapper/dists/gradle-5.4.1-all/3221gyojl5jsh0helicew7rwx/gradle-5.4.1/lib/native-platform-windows-i386-min-0.17.jar
7f0234012000-7f0234014000 r--s 00001000 08:05 3284285                    /home/wecode/.gradle/wrapper/dists/gradle-5.4.1-all/3221gyojl5jsh0helicew7rwx/gradle-5.4.1/lib/native-platform-linux-amd64-ncurses5-0.17.jar
7f0234014000-7f0234015000 r--s 00001000 08:05 3284286                    /home/wecode/.gradle/wrapper/dists/gradle-5.4.1-all/3221gyojl5jsh0helicew7rwx/gradle-5.4.1/lib/native-platform-linux-amd64-ncurses6-0.17.jar
7f0234015000-7f0234016000 r--s 00001000 08:05 3284287                    /home/wecode/.gradle/wrapper/dists/gradle-5.4.1-all/3221gyojl5jsh0helicew7rwx/gradle-5.4.1/lib/native-platform-linux-i386-ncurses5-0.17.jar
7f0234016000-7f023401b000 r--s 0001a000 08:05 3284260                    /home/wecode/.gradle/wrapper/dists/gradle-5.4.1-all/3221gyojl5jsh0helicew7rwx/gradle-5.4.1/lib/native-platform-0.17.jar
7f023401b000-7f023401f000 r--s 00042000 08:05 3284263                    /home/wecode/.gradle/wrapper/dists/gradle-5.4.1-all/3221gyojl5jsh0helicew7rwx/gradle-5.4.1/lib/jansi-1.17.1.jar
7f023401f000-7f0234023000 r--s 0000c000 08:05 3284232                    /home/wecode/.gradle/wrapper/dists/gradle-5.4.1-all/3221gyojl5jsh0helicew7rwx/gradle-5.4.1/lib/gradle-native-5.4.1.jar
7f0234023000-7f0234025000 r--s 0000c000 08:05 3284265                    /home/wecode/.gradle/wrapper/dists/gradle-5.4.1-all/3221gyojl5jsh0helicew7rwx/gradle-5.4.1/lib/objenesis-2.6.jar
7f0234025000-7f0234027000 r--s 00000000 08:05 3284271                    /home/wecode/.gradle/wrapper/dists/gradle-5.4.1-all/3221gyojl5jsh0helicew7rwx/gradle-5.4.1/lib/minlog-1.2.jar
7f0234027000-7f023402d000 r--s 0004d000 08:05 3284264                    /home/wecode/.gradle/wrapper/dists/gradle-5.4.1-all/3221gyojl5jsh0helicew7rwx/gradle-5.4.1/lib/kryo-2.24.0.jar
7f023402d000-7f0234034000 r--s 00030000 08:05 3284234                    /home/wecode/.gradle/wrapper/dists/gradle-5.4.1-all/3221gyojl5jsh0helicew7rwx/gradle-5.4.1/lib/gradle-messaging-5.4.1.jar
7f0234034000-7f0234036000 r--s 00006000 08:05 3284230                    /home/wecode/.gradle/wrapper/dists/gradle-5.4.1-all/3221gyojl5jsh0helicew7rwx/gradle-5.4.1/lib/gradle-process-services-5.4.1.jar
7f0234036000-7f0234066000 r--s 0024b000 08:05 3284254                    /home/wecode/.gradle/wrapper/dists/gradle-5.4.1-all/3221gyojl5jsh0helicew7rwx/gradle-5.4.1/lib/guava-26.0-android.jar
7f0234066000-7f0234085000 r--s 001da000 08:05 3284258                    /home/wecode/.gradle/wrapper/dists/gradle-5.4.1-all/3221gyojl5jsh0helicew7rwx/gradle-5.4.1/lib/ant-1.9.13.jar
7f0234085000-7f02340c1000 r--s 00203000 08:05 3284218                    /home/wecode/.gradle/wrapper/dists/gradle-5.4.1-all/3221gyojl5jsh0helicew7rwx/gradle-5.4.1/lib/gradle-core-5.4.1.jar
7f02340c1000-7f02340d0000 r--s 00043000 08:05 3284227                    /home/wecode/.gradle/wrapper/dists/gradle-5.4.1-all/3221gyojl5jsh0helicew7rwx/gradle-5.4.1/lib/gradle-core-api-5.4.1.jar
7f02340d0000-7f0235000000 rw-p 00000000 00:00 0 
7f0235000000-7f0235840000 rwxp 00000000 00:00 0 
7f0235840000-7f0244000000 ---p 00000000 00:00 0 
7f0244000000-7f0245095000 rw-p 00000000 00:00 0 
7f0245095000-7f0248000000 ---p 00000000 00:00 0 
7f0248000000-7f0248002000 r--s 00000000 08:05 3284219                    /home/wecode/.gradle/wrapper/dists/gradle-5.4.1-all/3221gyojl5jsh0helicew7rwx/gradle-5.4.1/lib/gradle-jvm-services-5.4.1.jar
7f0248002000-7f0248004000 r--s 00003000 08:05 3284255                    /home/wecode/.gradle/wrapper/dists/gradle-5.4.1-all/3221gyojl5jsh0helicew7rwx/gradle-5.4.1/lib/jsr305-3.0.2.jar
7f0248004000-7f0248007000 r--s 0001c000 08:05 3284256                    /home/wecode/.gradle/wrapper/dists/gradle-5.4.1-all/3221gyojl5jsh0helicew7rwx/gradle-5.4.1/lib/fastutil-8.2.1-min.jar
7f0248007000-7f0248014000 r--s 00067000 08:05 3284235                    /home/wecode/.gradle/wrapper/dists/gradle-5.4.1-all/3221gyojl5jsh0helicew7rwx/gradle-5.4.1/lib/gradle-base-services-5.4.1.jar
7f0248014000-7f02480c5000 rw-p 00000000 00:00 0 
7f02480c5000-7f0248297000 r--s 03cad000 08:05 3014921                    /home/wecode/android-studio-ide-191.5791312-linux/android-studio/jre/jre/lib/rt.jar
7f0248297000-7f0248e68000 rw-p 00000000 00:00 0 
7f0248e68000-7f0248e69000 ---p 00000000 00:00 0 
7f0248e69000-7f0248f69000 rw-p 00000000 00:00 0 
7f0248f69000-7f0248f6a000 ---p 00000000 00:00 0 
7f0248f6a000-7f024906a000 rw-p 00000000 00:00 0 
7f024906a000-7f024906b000 ---p 00000000 00:00 0 
7f024906b000-7f024916b000 rw-p 00000000 00:00 0 
7f024916b000-7f024916c000 ---p 00000000 00:00 0 
7f024916c000-7f0249285000 rw-p 00000000 00:00 0 
7f0249285000-7f024946c000 ---p 00000000 00:00 0 
7f024946c000-7f0249485000 rw-p 00000000 00:00 0 
7f0249485000-7f024966c000 ---p 00000000 00:00 0 
7f024966c000-7f02496af000 rw-p 00000000 00:00 0 
7f02496af000-7f024976c000 ---p 00000000 00:00 0 
7f024976c000-7f024978e000 rw-p 00000000 00:00 0 
7f024978e000-7f0249b2d000 ---p 00000000 00:00 0 
7f0249b2d000-7f0249b38000 r-xp 00000000 08:05 2495211                    /lib/x86_64-linux-gnu/libnss_files-2.27.so
7f0249b38000-7f0249d37000 ---p 0000b000 08:05 2495211                    /lib/x86_64-linux-gnu/libnss_files-2.27.so
7f0249d37000-7f0249d38000 r--p 0000a000 08:05 2495211                    /lib/x86_64-linux-gnu/libnss_files-2.27.so
7f0249d38000-7f0249d39000 rw-p 0000b000 08:05 2495211                    /lib/x86_64-linux-gnu/libnss_files-2.27.so
7f0249d39000-7f0249d3f000 rw-p 00000000 00:00 0 
7f0249d3f000-7f0249d56000 r-xp 00000000 08:05 2495205                    /lib/x86_64-linux-gnu/libnsl-2.27.so
7f0249d56000-7f0249f55000 ---p 00017000 08:05 2495205                    /lib/x86_64-linux-gnu/libnsl-2.27.so
7f0249f55000-7f0249f56000 r--p 00016000 08:05 2495205                    /lib/x86_64-linux-gnu/libnsl-2.27.so
7f0249f56000-7f0249f57000 rw-p 00017000 08:05 2495205                    /lib/x86_64-linux-gnu/libnsl-2.27.so
7f0249f57000-7f0249f59000 rw-p 00000000 00:00 0 
7f0249f59000-7f0249f64000 r-xp 00000000 08:05 2495222                    /lib/x86_64-linux-gnu/libnss_nis-2.27.so
7f0249f64000-7f024a163000 ---p 0000b000 08:05 2495222                    /lib/x86_64-linux-gnu/libnss_nis-2.27.so
7f024a163000-7f024a164000 r--p 0000a000 08:05 2495222                    /lib/x86_64-linux-gnu/libnss_nis-2.27.so
7f024a164000-7f024a165000 rw-p 0000b000 08:05 2495222                    /lib/x86_64-linux-gnu/libnss_nis-2.27.so
7f024a165000-7f024a16d000 r-xp 00000000 08:05 2495207                    /lib/x86_64-linux-gnu/libnss_compat-2.27.so
7f024a16d000-7f024a36d000 ---p 00008000 08:05 2495207                    /lib/x86_64-linux-gnu/libnss_compat-2.27.so
7f024a36d000-7f024a36e000 r--p 00008000 08:05 2495207                    /lib/x86_64-linux-gnu/libnss_compat-2.27.so
7f024a36e000-7f024a36f000 rw-p 00009000 08:05 2495207                    /lib/x86_64-linux-gnu/libnss_compat-2.27.so
7f024a36f000-7f024a376000 r-xp 00000000 08:05 2495262                    /lib/x86_64-linux-gnu/librt-2.27.so
7f024a376000-7f024a575000 ---p 00007000 08:05 2495262                    /lib/x86_64-linux-gnu/librt-2.27.so
7f024a575000-7f024a576000 r--p 00006000 08:05 2495262                    /lib/x86_64-linux-gnu/librt-2.27.so
7f024a576000-7f024a577000 rw-p 00007000 08:05 2495262                    /lib/x86_64-linux-gnu/librt-2.27.so
7f024a577000-7f024a714000 r-xp 00000000 08:05 2495184                    /lib/x86_64-linux-gnu/libm-2.27.so
7f024a714000-7f024a913000 ---p 0019d000 08:05 2495184                    /lib/x86_64-linux-gnu/libm-2.27.so
7f024a913000-7f024a914000 r--p 0019c000 08:05 2495184                    /lib/x86_64-linux-gnu/libm-2.27.so
7f024a914000-7f024a915000 rw-p 0019d000 08:05 2495184                    /lib/x86_64-linux-gnu/libm-2.27.so
7f024a915000-7f024b53b000 r-xp 00000000 08:05 3153714                    /home/wecode/android-studio-ide-191.5791312-linux/android-studio/jre/jre/lib/amd64/server/libjvm.so
7f024b53b000-7f024b60b000 rw-p 00c26000 08:05 3153714                    /home/wecode/android-studio-ide-191.5791312-linux/android-studio/jre/jre/lib/amd64/server/libjvm.so
7f024b60b000-7f024b64f000 rw-p 00000000 00:00 0 
7f024b64f000-7f024b836000 r-xp 00000000 08:05 2495121                    /lib/x86_64-linux-gnu/libc-2.27.so
7f024b836000-7f024ba36000 ---p 001e7000 08:05 2495121                    /lib/x86_64-linux-gnu/libc-2.27.so
7f024ba36000-7f024ba3a000 r--p 001e7000 08:05 2495121                    /lib/x86_64-linux-gnu/libc-2.27.so
7f024ba3a000-7f024ba3c000 rw-p 001eb000 08:05 2495121                    /lib/x86_64-linux-gnu/libc-2.27.so
7f024ba3c000-7f024ba40000 rw-p 00000000 00:00 0 
7f024ba40000-7f024ba43000 r-xp 00000000 08:05 2495144                    /lib/x86_64-linux-gnu/libdl-2.27.so
7f024ba43000-7f024bc42000 ---p 00003000 08:05 2495144                    /lib/x86_64-linux-gnu/libdl-2.27.so
7f024bc42000-7f024bc43000 r--p 00002000 08:05 2495144                    /lib/x86_64-linux-gnu/libdl-2.27.so
7f024bc43000-7f024bc44000 rw-p 00003000 08:05 2495144                    /lib/x86_64-linux-gnu/libdl-2.27.so
7f024bc44000-7f024bc5e000 r-xp 00000000 08:05 2495254                    /lib/x86_64-linux-gnu/libpthread-2.27.so
7f024bc5e000-7f024be5d000 ---p 0001a000 08:05 2495254                    /lib/x86_64-linux-gnu/libpthread-2.27.so
7f024be5d000-7f024be5e000 r--p 00019000 08:05 2495254                    /lib/x86_64-linux-gnu/libpthread-2.27.so
7f024be5e000-7f024be5f000 rw-p 0001a000 08:05 2495254                    /lib/x86_64-linux-gnu/libpthread-2.27.so
7f024be5f000-7f024be63000 rw-p 00000000 00:00 0 
7f024be63000-7f024be8a000 r-xp 00000000 08:05 2495093                    /lib/x86_64-linux-gnu/ld-2.27.so
7f024be8a000-7f024be8b000 r--s 00001000 08:05 3284288                    /home/wecode/.gradle/wrapper/dists/gradle-5.4.1-all/3221gyojl5jsh0helicew7rwx/gradle-5.4.1/lib/native-platform-linux-i386-ncurses6-0.17.jar
7f024be8b000-7f024be90000 r--s 00041000 08:05 3284245                    /home/wecode/.gradle/wrapper/dists/gradle-5.4.1-all/3221gyojl5jsh0helicew7rwx/gradle-5.4.1/lib/commons-lang-2.6.jar
7f024be90000-7f024be94000 r--s 00031000 08:05 3284244                    /home/wecode/.gradle/wrapper/dists/gradle-5.4.1-all/3221gyojl5jsh0helicew7rwx/gradle-5.4.1/lib/commons-io-2.6.jar
7f024be94000-7f024be96000 r--s 0001a000 08:05 3284243                    /home/wecode/.gradle/wrapper/dists/gradle-5.4.1-all/3221gyojl5jsh0helicew7rwx/gradle-5.4.1/lib/asm-7.0.jar
7f024be96000-7f024bea3000 r--s 0006d000 08:05 3284212                    /home/wecode/.gradle/wrapper/dists/gradle-5.4.1-all/3221gyojl5jsh0helicew7rwx/gradle-5.4.1/lib/gradle-launcher-5.4.1.jar
7f024bea3000-7f024bf0a000 rw-p 00000000 00:00 0 
7f024bf0a000-7f024bf25000 r-xp 00000000 08:05 3153863                    /home/wecode/android-studio-ide-191.5791312-linux/android-studio/jre/jre/lib/amd64/libzip.so
7f024bf25000-7f024bf26000 rw-p 0001a000 08:05 3153863                    /home/wecode/android-studio-ide-191.5791312-linux/android-studio/jre/jre/lib/amd64/libzip.so
7f024bf26000-7f024bf2e000 rw-s 00000000 08:05 3547586                    /tmp/hsperfdata_wecode/27484
7f024bf2e000-7f024bf58000 r-xp 00000000 08:05 3153861                    /home/wecode/android-studio-ide-191.5791312-linux/android-studio/jre/jre/lib/amd64/libjava.so
7f024bf58000-7f024bf5a000 rw-p 0002a000 08:05 3153861                    /home/wecode/android-studio-ide-191.5791312-linux/android-studio/jre/jre/lib/amd64/libjava.so
7f024bf5a000-7f024bf5b000 ---p 00000000 00:00 0 
7f024bf5b000-7f024bf5e000 ---p 00000000 00:00 0 
7f024bf5e000-7f024c05d000 rw-p 00000000 00:00 0 
7f024c05d000-7f024c073000 r-xp 00000000 08:05 4203108                    /home/wecode/android-studio-ide-191.5791312-linux/android-studio/jre/lib/amd64/jli/libjli.so
7f024c073000-7f024c074000 rw-p 00015000 08:05 4203108                    /home/wecode/android-studio-ide-191.5791312-linux/android-studio/jre/lib/amd64/jli/libjli.so
7f024c074000-7f024c076000 r--s 00009000 08:05 3284249                    /home/wecode/.gradle/wrapper/dists/gradle-5.4.1-all/3221gyojl5jsh0helicew7rwx/gradle-5.4.1/lib/slf4j-api-1.7.25.jar
7f024c076000-7f024c077000 r--s 00004000 08:05 3284270                    /home/wecode/.gradle/wrapper/dists/gradle-5.4.1-all/3221gyojl5jsh0helicew7rwx/gradle-5.4.1/lib/ant-launcher-1.9.13.jar
7f024c077000-7f024c078000 rw-p 00000000 00:00 0 
7f024c078000-7f024c079000 ---p 00000000 00:00 0 
7f024c079000-7f024c086000 r-xp 00000000 08:05 3153843                    /home/wecode/android-studio-ide-191.5791312-linux/android-studio/jre/jre/lib/amd64/libverify.so
7f024c086000-7f024c088000 rw-p 0000c000 08:05 3153843                    /home/wecode/android-studio-ide-191.5791312-linux/android-studio/jre/jre/lib/amd64/libverify.so
7f024c088000-7f024c08a000 rw-p 00000000 00:00 0 
7f024c08a000-7f024c08b000 r--p 00027000 08:05 2495093                    /lib/x86_64-linux-gnu/ld-2.27.so
7f024c08b000-7f024c08c000 rw-p 00028000 08:05 2495093                    /lib/x86_64-linux-gnu/ld-2.27.so
7f024c08c000-7f024c08d000 rw-p 00000000 00:00 0 
7ffc70ecb000-7ffc70eec000 rw-p 00000000 00:00 0                          [stack]
7ffc70fc3000-7ffc70fc6000 r--p 00000000 00:00 0                          [vvar]
7ffc70fc6000-7ffc70fc8000 r-xp 00000000 00:00 0                          [vdso]
ffffffffff600000-ffffffffff601000 r-xp 00000000 00:00 0                  [vsyscall]

VM Arguments:
jvm_args: -Xmx1536m -Dfile.encoding=UTF-8 -Duser.country=US -Duser.language=en -Duser.variant 
java_command: org.gradle.launcher.daemon.bootstrap.GradleDaemon 5.4.1
java_class_path (initial): /home/wecode/.gradle/wrapper/dists/gradle-5.4.1-all/3221gyojl5jsh0helicew7rwx/gradle-5.4.1/lib/gradle-launcher-5.4.1.jar
Launcher Type: SUN_STANDARD

Environment Variables:
PATH=/home/wecode/.local/bin:/usr/local/sbin:/usr/local/bin:/usr/sbin:/usr/bin:/sbin:/bin:/usr/games:/usr/local/games:/snap/bin
USERNAME=wecode
SHELL=/bin/bash
DISPLAY=:0

Signal Handlers:
SIGSEGV: [libjvm.so+0xa09650], sa_mask[0]=11111111011111111101111111111110, sa_flags=SA_RESTART|SA_SIGINFO
SIGBUS: [libjvm.so+0xa09650], sa_mask[0]=11111111011111111101111111111110, sa_flags=SA_RESTART|SA_SIGINFO
SIGFPE: [libjvm.so+0x86bc60], sa_mask[0]=11111111011111111101111111111110, sa_flags=SA_RESTART|SA_SIGINFO
SIGPIPE: [libjvm.so+0x86bc60], sa_mask[0]=11111111011111111101111111111110, sa_flags=SA_RESTART|SA_SIGINFO
SIGXFSZ: [libjvm.so+0x86bc60], sa_mask[0]=11111111011111111101111111111110, sa_flags=SA_RESTART|SA_SIGINFO
SIGILL: [libjvm.so+0x86bc60], sa_mask[0]=11111111011111111101111111111110, sa_flags=SA_RESTART|SA_SIGINFO
SIGUSR1: SIG_DFL, sa_mask[0]=00000000000000000000000000000000, sa_flags=none
SIGUSR2: [libjvm.so+0x86bb30], sa_mask[0]=00100000000000000000000000000000, sa_flags=SA_RESTART|SA_SIGINFO
SIGHUP: [libjvm.so+0x86bd20], sa_mask[0]=11111111011111111101111111111110, sa_flags=SA_RESTART|SA_SIGINFO
SIGINT: [libjvm.so+0x86bd20], sa_mask[0]=11111111011111111101111111111110, sa_flags=SA_RESTART|SA_SIGINFO
SIGTERM: [libjvm.so+0x86bd20], sa_mask[0]=11111111011111111101111111111110, sa_flags=SA_RESTART|SA_SIGINFO
SIGQUIT: [libjvm.so+0x86bd20], sa_mask[0]=11111111011111111101111111111110, sa_flags=SA_RESTART|SA_SIGINFO


---------------  S Y S T E M  ---------------

OS:DISTRIB_ID=Ubuntu
DISTRIB_RELEASE=18.04
DISTRIB_CODENAME=bionic
DISTRIB_DESCRIPTION="Ubuntu 18.04 LTS"

uname:Linux 4.15.0-70-generic #79-Ubuntu SMP Tue Nov 12 10:36:11 UTC 2019 x86_64
libc:glibc 2.27 NPTL 2.27 
rlimit: STACK 8192k, CORE 0k, NPROC 30808, NOFILE 1048576, AS infinity
load average:17,08 95,70 106,51

/proc/meminfo:
MemTotal:        8028344 kB
MemFree:          124400 kB
MemAvailable:      37664 kB
Buffers:            2124 kB
Cached:           820844 kB
SwapCached:        15704 kB
Active:          6514680 kB
Inactive:         905340 kB
Active(anon):    6496628 kB
Inactive(anon):   873780 kB
Active(file):      18052 kB
Inactive(file):    31560 kB
Unevictable:         144 kB
Mlocked:             144 kB
SwapTotal:       2097148 kB
SwapFree:              0 kB
Dirty:               316 kB
Writeback:           120 kB
AnonPages:       6582128 kB
Mapped:           159900 kB
Shmem:            773036 kB
Slab:             168748 kB
SReclaimable:      57044 kB
SUnreclaim:       111704 kB
KernelStack:       27248 kB
PageTables:       148636 kB
NFS_Unstable:          0 kB
Bounce:                0 kB
WritebackTmp:          0 kB
CommitLimit:     6111320 kB
Committed_AS:   26114952 kB
VmallocTotal:   34359738367 kB
VmallocUsed:           0 kB
VmallocChunk:          0 kB
HardwareCorrupted:     0 kB
AnonHugePages:         0 kB
ShmemHugePages:        0 kB
ShmemPmdMapped:        0 kB
CmaTotal:              0 kB
CmaFree:               0 kB
HugePages_Total:       0
HugePages_Free:        0
HugePages_Rsvd:        0
HugePages_Surp:        0
Hugepagesize:       2048 kB
DirectMap4k:      455860 kB
DirectMap2M:     7792640 kB
DirectMap1G:           0 kB

container (cgroup) information:
container_type: cgroupv1
cpu_cpuset_cpus: 0-3
cpu_memory_nodes: 0
active_processor_count: 4
cpu_quota: -1
cpu_period: 100000
cpu_shares: -1
memory_limit_in_bytes: -1
memory_and_swap_limit_in_bytes: -2
memory_soft_limit_in_bytes: -1
memory_usage_in_bytes: 7586320384
memory_max_usage_in_bytes: 2060288


CPU:total 4 (initial active 4) (4 cores per cpu, 1 threads per core) family 6 model 94 stepping 3, cmov, cx8, fxsr, mmx, sse, sse2, sse3, ssse3, sse4.1, sse4.2, popcnt, avx, avx2, aes, clmul, erms, rtm, 3dnowpref, lzcnt, tsc, tscinvbit, bmi1, bmi2, adx

/proc/cpuinfo:
processor	: 0
vendor_id	: GenuineIntel
cpu family	: 6
model		: 94
model name	: Intel(R) Core(TM) i5-6500 CPU @ 3.20GHz
stepping	: 3
microcode	: 0xd6
cpu MHz		: 898.850
cache size	: 6144 KB
physical id	: 0
siblings	: 4
core id		: 0
cpu cores	: 4
apicid		: 0
initial apicid	: 0
fpu		: yes
fpu_exception	: yes
cpuid level	: 22
wp		: yes
flags		: fpu vme de pse tsc msr pae mce cx8 apic sep mtrr pge mca cmov pat pse36 clflush dts acpi mmx fxsr sse sse2 ss ht tm pbe syscall nx pdpe1gb rdtscp lm constant_tsc art arch_perfmon pebs bts rep_good nopl xtopology nonstop_tsc cpuid aperfmperf tsc_known_freq pni pclmulqdq dtes64 monitor ds_cpl vmx smx est tm2 ssse3 sdbg fma cx16 xtpr pdcm pcid sse4_1 sse4_2 x2apic movbe popcnt tsc_deadline_timer aes xsave avx f16c rdrand lahf_lm abm 3dnowprefetch cpuid_fault epb invpcid_single pti ssbd ibrs ibpb stibp tpr_shadow vnmi flexpriority ept vpid fsgsbase tsc_adjust bmi1 hle avx2 smep bmi2 erms invpcid rtm mpx rdseed adx smap clflushopt intel_pt xsaveopt xsavec xgetbv1 xsaves dtherm ida arat pln pts hwp hwp_notify hwp_act_window hwp_epp md_clear flush_l1d
bugs		: cpu_meltdown spectre_v1 spectre_v2 spec_store_bypass l1tf mds swapgs taa itlb_multihit
bogomips	: 6384.00
clflush size	: 64
cache_alignment	: 64
address sizes	: 39 bits physical, 48 bits virtual
power management:

processor	: 1
vendor_id	: GenuineIntel
cpu family	: 6
model		: 94
model name	: Intel(R) Core(TM) i5-6500 CPU @ 3.20GHz
stepping	: 3
microcode	: 0xd6
cpu MHz		: 899.605
cache size	: 6144 KB
physical id	: 0
siblings	: 4
core id		: 1
cpu cores	: 4
apicid		: 2
initial apicid	: 2
fpu		: yes
fpu_exception	: yes
cpuid level	: 22
wp		: yes
flags		: fpu vme de pse tsc msr pae mce cx8 apic sep mtrr pge mca cmov pat pse36 clflush dts acpi mmx fxsr sse sse2 ss ht tm pbe syscall nx pdpe1gb rdtscp lm constant_tsc art arch_perfmon pebs bts rep_good nopl xtopology nonstop_tsc cpuid aperfmperf tsc_known_freq pni pclmulqdq dtes64 monitor ds_cpl vmx smx est tm2 ssse3 sdbg fma cx16 xtpr pdcm pcid sse4_1 sse4_2 x2apic movbe popcnt tsc_deadline_timer aes xsave avx f16c rdrand lahf_lm abm 3dnowprefetch cpuid_fault epb invpcid_single pti ssbd ibrs ibpb stibp tpr_shadow vnmi flexpriority ept vpid fsgsbase tsc_adjust bmi1 hle avx2 smep bmi2 erms invpcid rtm mpx rdseed adx smap clflushopt intel_pt xsaveopt xsavec xgetbv1 xsaves dtherm ida arat pln pts hwp hwp_notify hwp_act_window hwp_epp md_clear flush_l1d
bugs		: cpu_meltdown spectre_v1 spectre_v2 spec_store_bypass l1tf mds swapgs taa itlb_multihit
bogomips	: 6384.00
clflush size	: 64
cache_alignment	: 64
address sizes	: 39 bits physical, 48 bits virtual
power management:

processor	: 2
vendor_id	: GenuineIntel
cpu family	: 6
model		: 94
model name	: Intel(R) Core(TM) i5-6500 CPU @ 3.20GHz
stepping	: 3
microcode	: 0xd6
cpu MHz		: 896.828
cache size	: 6144 KB
physical id	: 0
siblings	: 4
core id		: 2
cpu cores	: 4
apicid		: 4
initial apicid	: 4
fpu		: yes
fpu_exception	: yes
cpuid level	: 22
wp		: yes
flags		: fpu vme de pse tsc msr pae mce cx8 apic sep mtrr pge mca cmov pat pse36 clflush dts acpi mmx fxsr sse sse2 ss ht tm pbe syscall nx pdpe1gb rdtscp lm constant_tsc art arch_perfmon pebs bts rep_good nopl xtopology nonstop_tsc cpuid aperfmperf tsc_known_freq pni pclmulqdq dtes64 monitor ds_cpl vmx smx est tm2 ssse3 sdbg fma cx16 xtpr pdcm pcid sse4_1 sse4_2 x2apic movbe popcnt tsc_deadline_timer aes xsave avx f16c rdrand lahf_lm abm 3dnowprefetch cpuid_fault epb invpcid_single pti ssbd ibrs ibpb stibp tpr_shadow vnmi flexpriority ept vpid fsgsbase tsc_adjust bmi1 hle avx2 smep bmi2 erms invpcid rtm mpx rdseed adx smap clflushopt intel_pt xsaveopt xsavec xgetbv1 xsaves dtherm ida arat pln pts hwp hwp_notify hwp_act_window hwp_epp md_clear flush_l1d
bugs		: cpu_meltdown spectre_v1 spectre_v2 spec_store_bypass l1tf mds swapgs taa itlb_multihit
bogomips	: 6384.00
clflush size	: 64
cache_alignment	: 64
address sizes	: 39 bits physical, 48 bits virtual
power management:

processor	: 3
vendor_id	: GenuineIntel
cpu family	: 6
model		: 94
model name	: Intel(R) Core(TM) i5-6500 CPU @ 3.20GHz
stepping	: 3
microcode	: 0xd6
cpu MHz		: 900.005
cache size	: 6144 KB
physical id	: 0
siblings	: 4
core id		: 3
cpu cores	: 4
apicid		: 6
initial apicid	: 6
fpu		: yes
fpu_exception	: yes
cpuid level	: 22
wp		: yes
flags		: fpu vme de pse tsc msr pae mce cx8 apic sep mtrr pge mca cmov pat pse36 clflush dts acpi mmx fxsr sse sse2 ss ht tm pbe syscall nx pdpe1gb rdtscp lm constant_tsc art arch_perfmon pebs bts rep_good nopl xtopology nonstop_tsc cpuid aperfmperf tsc_known_freq pni pclmulqdq dtes64 monitor ds_cpl vmx smx est tm2 ssse3 sdbg fma cx16 xtpr pdcm pcid sse4_1 sse4_2 x2apic movbe popcnt tsc_deadline_timer aes xsave avx f16c rdrand lahf_lm abm 3dnowprefetch cpuid_fault epb invpcid_single pti ssbd ibrs ibpb stibp tpr_shadow vnmi flexpriority ept vpid fsgsbase tsc_adjust bmi1 hle avx2 smep bmi2 erms invpcid rtm mpx rdseed adx smap clflushopt intel_pt xsaveopt xsavec xgetbv1 xsaves dtherm ida arat pln pts hwp hwp_notify hwp_act_window hwp_epp md_clear flush_l1d
bugs		: cpu_meltdown spectre_v1 spectre_v2 spec_store_bypass l1tf mds swapgs taa itlb_multihit
bogomips	: 6384.00
clflush size	: 64
cache_alignment	: 64
address sizes	: 39 bits physical, 48 bits virtual
power management:



Memory: 4k page, physical 8028344k(123788k free), swap 2097148k(0k free)

vm_info: OpenJDK 64-Bit Server VM (25.202-b49-5587405) for linux-amd64 JRE (1.8.0_202-release-1483-b49-5587405), built by "android-build" with gcc 4.8

time: Thu Nov 28 00:36:15 2019
timezone: CAT
elapsed time: 1541 seconds (0d 0h 25m 41s)

